  [1m[35m (90.7ms)[0m  [1m[35mCREATE DATABASE "Cats_development" ENCODING = 'unicode'[0m
  ↳ bin/rails:9
  [1m[35m (35.9ms)[0m  [1m[35mCREATE DATABASE "Cats_test" ENCODING = 'unicode'[0m
  ↳ bin/rails:9
  [1m[35m (10.0ms)[0m  [1m[35mCREATE TABLE "schema_migrations" ("version" character varying NOT NULL PRIMARY KEY)[0m
  ↳ bin/rails:9
  [1m[35m (2.5ms)[0m  [1m[35mCREATE TABLE "ar_internal_metadata" ("key" character varying NOT NULL PRIMARY KEY, "value" character varying, "created_at" timestamp NOT NULL, "updated_at" timestamp NOT NULL)[0m
  ↳ bin/rails:9
  [1m[35m (0.4ms)[0m  [1m[34mSELECT pg_try_advisory_lock(53283042395386965)[0m
  ↳ bin/rails:9
  [1m[35m (0.4ms)[0m  [1m[34mSELECT "schema_migrations"."version" FROM "schema_migrations" ORDER BY "schema_migrations"."version" ASC[0m
  ↳ bin/rails:9
Migrating to CreateCats (20210618204433)
  [1m[35m (0.1ms)[0m  [1m[35mBEGIN[0m
  ↳ bin/rails:9
  [1m[35m (4.1ms)[0m  [1m[35mCREATE TABLE "cats" ("id" bigserial primary key, "birth_date" date NOT NULL, "color" character varying NOT NULL, "name" character varying NOT NULL, "sex" character varying(1) NOT NULL, "description" text NOT NULL, "created_at" timestamp NOT NULL, "updated_at" timestamp NOT NULL)[0m
  ↳ db/migrate/20210618204433_create_cats.rb:3
  [1m[36mActiveRecord::SchemaMigration Create (0.7ms)[0m  [1m[32mINSERT INTO "schema_migrations" ("version") VALUES ($1) RETURNING "version"[0m  [["version", "20210618204433"]]
  ↳ bin/rails:9
  [1m[35m (0.1ms)[0m  [1m[35mCOMMIT[0m
  ↳ bin/rails:9
  [1m[36mActiveRecord::InternalMetadata Load (0.4ms)[0m  [1m[34mSELECT  "ar_internal_metadata".* FROM "ar_internal_metadata" WHERE "ar_internal_metadata"."key" = $1 LIMIT $2[0m  [["key", "environment"], ["LIMIT", 1]]
  ↳ bin/rails:9
  [1m[35m (0.1ms)[0m  [1m[35mBEGIN[0m
  ↳ bin/rails:9
  [1m[36mActiveRecord::InternalMetadata Create (1.2ms)[0m  [1m[32mINSERT INTO "ar_internal_metadata" ("key", "value", "created_at", "updated_at") VALUES ($1, $2, $3, $4) RETURNING "key"[0m  [["key", "environment"], ["value", "development"], ["created_at", "2021-06-18 20:49:59.323665"], ["updated_at", "2021-06-18 20:49:59.323665"]]
  ↳ bin/rails:9
  [1m[35m (0.1ms)[0m  [1m[35mCOMMIT[0m
  ↳ bin/rails:9
  [1m[35m (0.1ms)[0m  [1m[34mSELECT pg_advisory_unlock(53283042395386965)[0m
  ↳ bin/rails:9
  [1m[35m (0.1ms)[0m  [1m[34mSELECT "schema_migrations"."version" FROM "schema_migrations" ORDER BY "schema_migrations"."version" ASC[0m
  ↳ bin/rails:9
  [1m[35m (0.3ms)[0m  [1m[34mSELECT pg_try_advisory_lock(53283042395386965)[0m
  ↳ bin/rails:9
  [1m[35m (1.6ms)[0m  [1m[34mSELECT "schema_migrations"."version" FROM "schema_migrations" ORDER BY "schema_migrations"."version" ASC[0m
  ↳ bin/rails:9
  [1m[36mActiveRecord::InternalMetadata Load (1.8ms)[0m  [1m[34mSELECT  "ar_internal_metadata".* FROM "ar_internal_metadata" WHERE "ar_internal_metadata"."key" = $1 LIMIT $2[0m  [["key", "environment"], ["LIMIT", 1]]
  ↳ bin/rails:9
  [1m[35m (0.2ms)[0m  [1m[35mBEGIN[0m
  ↳ bin/rails:9
  [1m[35m (0.1ms)[0m  [1m[35mCOMMIT[0m
  ↳ bin/rails:9
  [1m[35m (0.3ms)[0m  [1m[34mSELECT pg_advisory_unlock(53283042395386965)[0m
  ↳ bin/rails:9
  [1m[35m (0.4ms)[0m  [1m[34mSELECT "schema_migrations"."version" FROM "schema_migrations" ORDER BY "schema_migrations"."version" ASC[0m
  ↳ bin/rails:9
  [1m[35m (0.9ms)[0m  [1m[35mBEGIN[0m
  [1m[36mCat Create (19.5ms)[0m  [1m[32mINSERT INTO "cats" ("birth_date", "color", "name", "sex", "description", "created_at", "updated_at") VALUES ($1, $2, $3, $4, $5, $6, $7) RETURNING "id"[0m  [["birth_date", "2000-05-05"], ["color", "orange"], ["name", "garfield"], ["sex", "M"], ["description", "lazy cat"], ["created_at", "2021-06-18 21:28:59.207420"], ["updated_at", "2021-06-18 21:28:59.207420"]]
  [1m[35m (4.8ms)[0m  [1m[35mCOMMIT[0m
  [1m[35m (2.1ms)[0m  [1m[34mSELECT "schema_migrations"."version" FROM "schema_migrations" ORDER BY "schema_migrations"."version" ASC[0m
  ↳ bin/rails:9
  [1m[36mCat Load (1.8ms)[0m  [1m[34mSELECT "cats".* FROM "cats"[0m
  ↳ db/seeds.rb:8
  [1m[35m (0.1ms)[0m  [1m[35mBEGIN[0m
  ↳ db/seeds.rb:8
  [1m[36mCat Destroy (2.1ms)[0m  [1m[31mDELETE FROM "cats" WHERE "cats"."id" = $1[0m  [["id", 1]]
  ↳ db/seeds.rb:8
  [1m[35m (1.0ms)[0m  [1m[35mCOMMIT[0m
  ↳ db/seeds.rb:8
  [1m[35m (0.1ms)[0m  [1m[35mBEGIN[0m
  ↳ db/seeds.rb:10
  [1m[36mCat Create (0.5ms)[0m  [1m[32mINSERT INTO "cats" ("birth_date", "color", "name", "sex", "description", "created_at", "updated_at") VALUES ($1, $2, $3, $4, $5, $6, $7) RETURNING "id"[0m  [["birth_date", "2000-05-05"], ["color", "orange"], ["name", "garfield"], ["sex", "M"], ["description", "lazy cat"], ["created_at", "2021-06-18 21:34:55.924969"], ["updated_at", "2021-06-18 21:34:55.924969"]]
  ↳ db/seeds.rb:10
  [1m[35m (0.1ms)[0m  [1m[35mCOMMIT[0m
  ↳ db/seeds.rb:10
  [1m[35m (0.0ms)[0m  [1m[35mBEGIN[0m
  ↳ db/seeds.rb:11
  [1m[36mCat Create (0.6ms)[0m  [1m[32mINSERT INTO "cats" ("birth_date", "color", "name", "sex", "description", "created_at", "updated_at") VALUES ($1, $2, $3, $4, $5, $6, $7) RETURNING "id"[0m  [["birth_date", "2000-05-05"], ["color", "white"], ["name", "tom"], ["sex", "M"], ["description", "stupid cat"], ["created_at", "2021-06-18 21:34:55.930832"], ["updated_at", "2021-06-18 21:34:55.930832"]]
  ↳ db/seeds.rb:11
  [1m[35m (0.2ms)[0m  [1m[35mCOMMIT[0m
  ↳ db/seeds.rb:11
  [1m[35m (0.1ms)[0m  [1m[35mBEGIN[0m
  ↳ db/seeds.rb:12
  [1m[36mCat Create (0.3ms)[0m  [1m[32mINSERT INTO "cats" ("birth_date", "color", "name", "sex", "description", "created_at", "updated_at") VALUES ($1, $2, $3, $4, $5, $6, $7) RETURNING "id"[0m  [["birth_date", "2000-05-05"], ["color", "yellow"], ["name", "jerry"], ["sex", "F"], ["description", "dope cat"], ["created_at", "2021-06-18 21:34:55.932586"], ["updated_at", "2021-06-18 21:34:55.932586"]]
  ↳ db/seeds.rb:12
  [1m[35m (0.2ms)[0m  [1m[35mCOMMIT[0m
  ↳ db/seeds.rb:12
  [1m[35m (0.1ms)[0m  [1m[35mBEGIN[0m
  ↳ db/seeds.rb:13
  [1m[36mCat Create (0.3ms)[0m  [1m[32mINSERT INTO "cats" ("birth_date", "color", "name", "sex", "description", "created_at", "updated_at") VALUES ($1, $2, $3, $4, $5, $6, $7) RETURNING "id"[0m  [["birth_date", "2000-05-05"], ["color", "black"], ["name", "jj"], ["sex", "F"], ["description", "fast cat"], ["created_at", "2021-06-18 21:34:55.933845"], ["updated_at", "2021-06-18 21:34:55.933845"]]
  ↳ db/seeds.rb:13
  [1m[35m (0.1ms)[0m  [1m[35mCOMMIT[0m
  ↳ db/seeds.rb:13
  [1m[36mCat Load (1.4ms)[0m  [1m[34mSELECT "cats".* FROM "cats"[0m
Started GET "/cats" for ::1 at 2021-06-18 14:54:22 -0700
  
PG::ConnectionBad (could not connect to server: No such file or directory
	Is the server running locally and accepting
	connections on Unix domain socket "/var/run/postgresql/.s.PGSQL.5432"?
):
  
pg (1.2.3) lib/pg.rb:58:in `initialize'
pg (1.2.3) lib/pg.rb:58:in `new'
pg (1.2.3) lib/pg.rb:58:in `connect'
activerecord (5.2.6) lib/active_record/connection_adapters/postgresql_adapter.rb:692:in `connect'
activerecord (5.2.6) lib/active_record/connection_adapters/postgresql_adapter.rb:223:in `initialize'
activerecord (5.2.6) lib/active_record/connection_adapters/postgresql_adapter.rb:48:in `new'
activerecord (5.2.6) lib/active_record/connection_adapters/postgresql_adapter.rb:48:in `postgresql_connection'
activerecord (5.2.6) lib/active_record/connection_adapters/abstract/connection_pool.rb:830:in `new_connection'
activerecord (5.2.6) lib/active_record/connection_adapters/abstract/connection_pool.rb:874:in `checkout_new_connection'
activerecord (5.2.6) lib/active_record/connection_adapters/abstract/connection_pool.rb:853:in `try_to_checkout_new_connection'
activerecord (5.2.6) lib/active_record/connection_adapters/abstract/connection_pool.rb:814:in `acquire_connection'
activerecord (5.2.6) lib/active_record/connection_adapters/abstract/connection_pool.rb:538:in `checkout'
activerecord (5.2.6) lib/active_record/connection_adapters/abstract/connection_pool.rb:382:in `connection'
activerecord (5.2.6) lib/active_record/connection_adapters/abstract/connection_pool.rb:1033:in `retrieve_connection'
activerecord (5.2.6) lib/active_record/connection_handling.rb:118:in `retrieve_connection'
activerecord (5.2.6) lib/active_record/connection_handling.rb:90:in `connection'
activerecord (5.2.6) lib/active_record/migration.rb:554:in `call'
actionpack (5.2.6) lib/action_dispatch/middleware/callbacks.rb:28:in `block in call'
activesupport (5.2.6) lib/active_support/callbacks.rb:98:in `run_callbacks'
actionpack (5.2.6) lib/action_dispatch/middleware/callbacks.rb:26:in `call'
actionpack (5.2.6) lib/action_dispatch/middleware/executor.rb:14:in `call'
actionpack (5.2.6) lib/action_dispatch/middleware/debug_exceptions.rb:61:in `call'
web-console (3.7.0) lib/web_console/middleware.rb:135:in `call_app'
web-console (3.7.0) lib/web_console/middleware.rb:30:in `block in call'
web-console (3.7.0) lib/web_console/middleware.rb:20:in `catch'
web-console (3.7.0) lib/web_console/middleware.rb:20:in `call'
actionpack (5.2.6) lib/action_dispatch/middleware/show_exceptions.rb:33:in `call'
railties (5.2.6) lib/rails/rack/logger.rb:38:in `call_app'
railties (5.2.6) lib/rails/rack/logger.rb:26:in `block in call'
activesupport (5.2.6) lib/active_support/tagged_logging.rb:71:in `block in tagged'
activesupport (5.2.6) lib/active_support/tagged_logging.rb:28:in `tagged'
activesupport (5.2.6) lib/active_support/tagged_logging.rb:71:in `tagged'
railties (5.2.6) lib/rails/rack/logger.rb:26:in `call'
sprockets-rails (3.2.2) lib/sprockets/rails/quiet_assets.rb:13:in `call'
actionpack (5.2.6) lib/action_dispatch/middleware/remote_ip.rb:81:in `call'
actionpack (5.2.6) lib/action_dispatch/middleware/request_id.rb:27:in `call'
rack (2.2.3) lib/rack/method_override.rb:24:in `call'
rack (2.2.3) lib/rack/runtime.rb:22:in `call'
activesupport (5.2.6) lib/active_support/cache/strategy/local_cache_middleware.rb:29:in `call'
actionpack (5.2.6) lib/action_dispatch/middleware/executor.rb:14:in `call'
actionpack (5.2.6) lib/action_dispatch/middleware/static.rb:127:in `call'
rack (2.2.3) lib/rack/sendfile.rb:110:in `call'
railties (5.2.6) lib/rails/engine.rb:524:in `call'
puma (3.12.6) lib/puma/configuration.rb:227:in `call'
puma (3.12.6) lib/puma/server.rb:706:in `handle_request'
puma (3.12.6) lib/puma/server.rb:476:in `process_client'
puma (3.12.6) lib/puma/server.rb:334:in `block in run'
puma (3.12.6) lib/puma/thread_pool.rb:135:in `block in spawn_thread'
  [1m[35m (1898.4ms)[0m  [1m[35mCREATE DATABASE "Cats_development" ENCODING = 'unicode'[0m
  ↳ bin/rails:9
  [1m[35m (1852.4ms)[0m  [1m[35mCREATE DATABASE "Cats_test" ENCODING = 'unicode'[0m
  ↳ bin/rails:9
  [1m[35m (37.2ms)[0m  [1m[35mCREATE TABLE "schema_migrations" ("version" character varying NOT NULL PRIMARY KEY)[0m
  ↳ bin/rails:9
  [1m[35m (9.1ms)[0m  [1m[35mCREATE TABLE "ar_internal_metadata" ("key" character varying NOT NULL PRIMARY KEY, "value" character varying, "created_at" timestamp NOT NULL, "updated_at" timestamp NOT NULL)[0m
  ↳ bin/rails:9
  [1m[35m (0.3ms)[0m  [1m[34mSELECT pg_try_advisory_lock(53283042395386965)[0m
  ↳ bin/rails:9
  [1m[35m (5.8ms)[0m  [1m[34mSELECT "schema_migrations"."version" FROM "schema_migrations" ORDER BY "schema_migrations"."version" ASC[0m
  ↳ bin/rails:9
Migrating to CreateCats (20210618204433)
  [1m[35m (0.2ms)[0m  [1m[35mBEGIN[0m
  ↳ bin/rails:9
  [1m[35m (10.8ms)[0m  [1m[35mCREATE TABLE "cats" ("id" bigserial primary key, "birth_date" date NOT NULL, "color" character varying NOT NULL, "name" character varying NOT NULL, "sex" character varying(1) NOT NULL, "description" text NOT NULL, "created_at" timestamp NOT NULL, "updated_at" timestamp NOT NULL)[0m
  ↳ db/migrate/20210618204433_create_cats.rb:3
  [1m[36mActiveRecord::SchemaMigration Create (0.7ms)[0m  [1m[32mINSERT INTO "schema_migrations" ("version") VALUES ($1) RETURNING "version"[0m  [["version", "20210618204433"]]
  ↳ bin/rails:9
  [1m[35m (0.3ms)[0m  [1m[35mCOMMIT[0m
  ↳ bin/rails:9
  [1m[36mActiveRecord::InternalMetadata Load (8.9ms)[0m  [1m[34mSELECT  "ar_internal_metadata".* FROM "ar_internal_metadata" WHERE "ar_internal_metadata"."key" = $1 LIMIT $2[0m  [["key", "environment"], ["LIMIT", 1]]
  ↳ bin/rails:9
  [1m[35m (0.1ms)[0m  [1m[35mBEGIN[0m
  ↳ bin/rails:9
  [1m[36mActiveRecord::InternalMetadata Create (0.5ms)[0m  [1m[32mINSERT INTO "ar_internal_metadata" ("key", "value", "created_at", "updated_at") VALUES ($1, $2, $3, $4) RETURNING "key"[0m  [["key", "environment"], ["value", "development"], ["created_at", "2021-06-18 21:56:18.332564"], ["updated_at", "2021-06-18 21:56:18.332564"]]
  ↳ bin/rails:9
  [1m[35m (0.2ms)[0m  [1m[35mCOMMIT[0m
  ↳ bin/rails:9
  [1m[35m (0.1ms)[0m  [1m[34mSELECT pg_advisory_unlock(53283042395386965)[0m
  ↳ bin/rails:9
  [1m[35m (0.3ms)[0m  [1m[34mSELECT "schema_migrations"."version" FROM "schema_migrations" ORDER BY "schema_migrations"."version" ASC[0m
  ↳ bin/rails:9
  [1m[35m (4.5ms)[0m  [1m[34mSELECT "schema_migrations"."version" FROM "schema_migrations" ORDER BY "schema_migrations"."version" ASC[0m
  ↳ bin/rails:9
  [1m[36mCat Load (4.7ms)[0m  [1m[34mSELECT "cats".* FROM "cats"[0m
  ↳ db/seeds.rb:8
  [1m[35m (0.2ms)[0m  [1m[35mBEGIN[0m
  ↳ db/seeds.rb:10
  [1m[36mCat Create (1.1ms)[0m  [1m[32mINSERT INTO "cats" ("birth_date", "color", "name", "sex", "description", "created_at", "updated_at") VALUES ($1, $2, $3, $4, $5, $6, $7) RETURNING "id"[0m  [["birth_date", "2000-05-05"], ["color", "orange"], ["name", "garfield"], ["sex", "M"], ["description", "lazy cat"], ["created_at", "2021-06-18 21:56:27.057868"], ["updated_at", "2021-06-18 21:56:27.057868"]]
  ↳ db/seeds.rb:10
  [1m[35m (4.5ms)[0m  [1m[35mCOMMIT[0m
  ↳ db/seeds.rb:10
  [1m[35m (0.1ms)[0m  [1m[35mBEGIN[0m
  ↳ db/seeds.rb:11
  [1m[36mCat Create (0.2ms)[0m  [1m[32mINSERT INTO "cats" ("birth_date", "color", "name", "sex", "description", "created_at", "updated_at") VALUES ($1, $2, $3, $4, $5, $6, $7) RETURNING "id"[0m  [["birth_date", "2000-05-05"], ["color", "white"], ["name", "tom"], ["sex", "M"], ["description", "stupid cat"], ["created_at", "2021-06-18 21:56:27.064890"], ["updated_at", "2021-06-18 21:56:27.064890"]]
  ↳ db/seeds.rb:11
  [1m[35m (0.4ms)[0m  [1m[35mCOMMIT[0m
  ↳ db/seeds.rb:11
  [1m[35m (0.1ms)[0m  [1m[35mBEGIN[0m
  ↳ db/seeds.rb:12
  [1m[36mCat Create (0.3ms)[0m  [1m[32mINSERT INTO "cats" ("birth_date", "color", "name", "sex", "description", "created_at", "updated_at") VALUES ($1, $2, $3, $4, $5, $6, $7) RETURNING "id"[0m  [["birth_date", "2000-05-05"], ["color", "yellow"], ["name", "jerry"], ["sex", "F"], ["description", "dope cat"], ["created_at", "2021-06-18 21:56:27.068339"], ["updated_at", "2021-06-18 21:56:27.068339"]]
  ↳ db/seeds.rb:12
  [1m[35m (0.2ms)[0m  [1m[35mCOMMIT[0m
  ↳ db/seeds.rb:12
  [1m[35m (0.0ms)[0m  [1m[35mBEGIN[0m
  ↳ db/seeds.rb:13
  [1m[36mCat Create (0.4ms)[0m  [1m[32mINSERT INTO "cats" ("birth_date", "color", "name", "sex", "description", "created_at", "updated_at") VALUES ($1, $2, $3, $4, $5, $6, $7) RETURNING "id"[0m  [["birth_date", "2000-05-05"], ["color", "black"], ["name", "jj"], ["sex", "F"], ["description", "fast cat"], ["created_at", "2021-06-18 21:56:27.070530"], ["updated_at", "2021-06-18 21:56:27.070530"]]
  ↳ db/seeds.rb:13
  [1m[35m (0.3ms)[0m  [1m[35mCOMMIT[0m
  ↳ db/seeds.rb:13
Started GET "/cats" for ::1 at 2021-06-18 14:59:52 -0700
  [1m[35m (0.8ms)[0m  [1m[34mSELECT "schema_migrations"."version" FROM "schema_migrations" ORDER BY "schema_migrations"."version" ASC[0m
  ↳ /home/jaylam/.rbenv/versions/2.5.1/lib/ruby/gems/2.5.0/gems/activerecord-5.2.6/lib/active_record/log_subscriber.rb:98
Processing by CatsController#index as */*
  Rendering cats/index.html.erb within layouts/application
  [1m[36mCat Load (8.9ms)[0m  [1m[34mSELECT "cats".* FROM "cats"[0m
  ↳ app/views/cats/index.html.erb:4
  Rendered cats/index.html.erb within layouts/application (146.0ms)
Completed 500 Internal Server Error in 209ms (ActiveRecord: 13.6ms)


  
ActionView::Template::Error (Missing partial cats/_cat, application/_cat with {:locale=>[:en], :formats=>[:html, :text, :js, :css, :ics, :csv, :vcf, :vtt, :png, :jpeg, :gif, :bmp, :tiff, :svg, :mpeg, :mp3, :ogg, :m4a, :webm, :mp4, :otf, :ttf, :woff, :woff2, :xml, :rss, :atom, :yaml, :multipart_form, :url_encoded_form, :json, :pdf, :zip, :gzip], :variants=>[], :handlers=>[:raw, :erb, :html, :builder, :ruby, :coffee, :jbuilder]}. Searched in:
  * "/mnt/c/Users/lamja/Desktop/appacademy/W6D5/AA_home_Work/W6D5/Cats/app/views"
):
    3: <ul>
    4: <% @cats.each do |cat| %>
    5:     <li>
    6:     <%= render 'cat' %>
    7:     </li>
    8: <% end %>
    9: </ul>   
  
app/views/cats/index.html.erb:6:in `block in _app_views_cats_index_html_erb___2950251025825011645_70368280573120'
app/views/cats/index.html.erb:4:in `_app_views_cats_index_html_erb___2950251025825011645_70368280573120'
app/controllers/cats_controller.rb:6:in `index'
Started GET "/cats" for ::1 at 2021-06-18 15:00:51 -0700
Processing by CatsController#index as */*
  Rendering cats/index.html.erb within layouts/application
  [1m[36mCat Load (0.4ms)[0m  [1m[34mSELECT "cats".* FROM "cats"[0m
  ↳ app/views/cats/index.html.erb:4
  Rendered cats/index.html.erb within layouts/application (118.1ms)
Completed 500 Internal Server Error in 180ms (ActiveRecord: 0.4ms)


  
ActionView::Template::Error (Missing partial cats/_cat, application/_cat with {:locale=>[:en], :formats=>[:html, :text, :js, :css, :ics, :csv, :vcf, :vtt, :png, :jpeg, :gif, :bmp, :tiff, :svg, :mpeg, :mp3, :ogg, :m4a, :webm, :mp4, :otf, :ttf, :woff, :woff2, :xml, :rss, :atom, :yaml, :multipart_form, :url_encoded_form, :json, :pdf, :zip, :gzip], :variants=>[], :handlers=>[:raw, :erb, :html, :builder, :ruby, :coffee, :jbuilder]}. Searched in:
  * "/mnt/c/Users/lamja/Desktop/appacademy/W6D5/AA_home_Work/W6D5/Cats/app/views"
):
    3: <ul>
    4: <% @cats.each do |cat| %>
    5:     <li>
    6:     <%= render 'cat', cat: cat %>
    7:     </li>
    8: <% end %>
    9: </ul>   
  
app/views/cats/index.html.erb:6:in `block in _app_views_cats_index_html_erb___2950251025825011645_70368282960740'
app/views/cats/index.html.erb:4:in `_app_views_cats_index_html_erb___2950251025825011645_70368282960740'
app/controllers/cats_controller.rb:6:in `index'
Started GET "/cats" for ::1 at 2021-06-18 15:01:10 -0700
Processing by CatsController#index as */*
  Rendering cats/index.html.erb within layouts/application
  Rendered cats/index.html.erb within layouts/application (0.6ms)
Completed 500 Internal Server Error in 66ms (ActiveRecord: 0.0ms)


  
SyntaxError (/mnt/c/Users/lamja/Desktop/appacademy/W6D5/AA_home_Work/W6D5/Cats/app/views/cats/index.html.erb:6: syntax error, unexpected tLABEL, expecting '='
...utput_buffer.append=( cat, cat: cat );@output_buffer.safe_ap...
...                           ^~~~):
  
app/views/cats/index.html.erb:6: syntax error, unexpected tLABEL, expecting '='
app/controllers/cats_controller.rb:6:in `index'
Started GET "/cats" for ::1 at 2021-06-18 15:01:30 -0700
Processing by CatsController#index as */*
  Rendering cats/index.html.erb within layouts/application
  [1m[36mCat Load (0.5ms)[0m  [1m[34mSELECT "cats".* FROM "cats"[0m
  ↳ app/views/cats/index.html.erb:4
  Rendered cats/index.html.erb within layouts/application (2.5ms)
Completed 200 OK in 585ms (Views: 583.7ms | ActiveRecord: 0.5ms)


Started GET "/cats" for ::1 at 2021-06-18 15:01:55 -0700
Processing by CatsController#index as */*
  Rendering cats/index.html.erb within layouts/application
  [1m[36mCat Load (0.3ms)[0m  [1m[34mSELECT "cats".* FROM "cats"[0m
  ↳ app/views/cats/index.html.erb:4
  Rendered cats/index.html.erb within layouts/application (1.4ms)
Completed 200 OK in 91ms (Views: 90.4ms | ActiveRecord: 0.3ms)


Started GET "/cats" for ::1 at 2021-06-18 15:02:32 -0700
Processing by CatsController#index as */*
  Rendering cats/index.html.erb within layouts/application
  [1m[36mCat Load (0.3ms)[0m  [1m[34mSELECT "cats".* FROM "cats"[0m
  ↳ app/views/cats/index.html.erb:4
  Rendered cats/index.html.erb within layouts/application (48.0ms)
Completed 500 Internal Server Error in 101ms (ActiveRecord: 0.3ms)


  
ActionView::Template::Error (undefined method `all' for #<Cat:0x00007fbbf48c5318>):
    3: <ul>
    4: <% @cats.each do |cat| %>
    5:     <li>
    6:     <%= cat.all%>
    7:     </li>
    8: <% end %>
    9: </ul>   
  
app/views/cats/index.html.erb:6:in `block in _app_views_cats_index_html_erb___2950251025825011645_70222619507400'
app/views/cats/index.html.erb:4:in `_app_views_cats_index_html_erb___2950251025825011645_70222619507400'
app/controllers/cats_controller.rb:6:in `index'
Started GET "/cats" for ::1 at 2021-06-18 15:03:51 -0700
Processing by CatsController#index as */*
  Rendering cats/index.html.erb within layouts/application
  [1m[36mCat Load (0.8ms)[0m  [1m[34mSELECT "cats".* FROM "cats"[0m
  ↳ app/views/cats/index.html.erb:4
  Rendered cats/index.html.erb within layouts/application (79.9ms)
Completed 500 Internal Server Error in 143ms (ActiveRecord: 4.9ms)


  
ActionView::Template::Error (Association named 'name' was not found on Cat; perhaps you misspelled it?):
    1: <h2>Cats</h2>
    2: 
    3: <ul>
    4: <% @cats.each do |cat| %>
    5:     <li>
    6:     <%= cat%>
    7:     </li>
  
app/views/cats/index.html.erb:4:in `_app_views_cats_index_html_erb___2950251025825011645_70368283585500'
app/controllers/cats_controller.rb:6:in `index'
Started GET "/cats" for ::1 at 2021-06-18 15:04:34 -0700
Processing by CatsController#index as */*
  Rendering cats/index.html.erb within layouts/application
  [1m[36mCat Load (0.5ms)[0m  [1m[34mSELECT "cats".* FROM "cats"[0m
  ↳ app/views/cats/index.html.erb:4
  Rendered cats/index.html.erb within layouts/application (53.0ms)
Completed 500 Internal Server Error in 110ms (ActiveRecord: 0.5ms)


  
ActionView::Template::Error (Association named 'name' was not found on Cat; perhaps you misspelled it?):
    1: <h2>Cats</h2>
    2: 
    3: <ul>
    4: <% @cats.each do |cat| %>
    5:     <li>
    6:     <%= render 'cat'%>
    7:     </li>
  
app/views/cats/index.html.erb:4:in `_app_views_cats_index_html_erb___2950251025825011645_70222619129340'
app/controllers/cats_controller.rb:6:in `index'
  [1m[36mCat Load (9.8ms)[0m  [1m[34mSELECT "cats".* FROM "cats"[0m
Started GET "/cats" for ::1 at 2021-06-18 15:06:31 -0700
  [1m[35m (12.2ms)[0m  [1m[34mSELECT "schema_migrations"."version" FROM "schema_migrations" ORDER BY "schema_migrations"."version" ASC[0m
  ↳ /home/jaylam/.rbenv/versions/2.5.1/lib/ruby/gems/2.5.0/gems/activerecord-5.2.6/lib/active_record/log_subscriber.rb:98
Processing by CatsController#index as */*
  Rendering cats/index.html.erb within layouts/application
  [1m[36mCat Load (0.9ms)[0m  [1m[34mSELECT "cats".* FROM "cats"[0m
  ↳ app/views/cats/index.html.erb:4
  Rendered cats/index.html.erb within layouts/application (38.2ms)
Completed 500 Internal Server Error in 68ms (ActiveRecord: 9.5ms)


  
ActionView::Template::Error (Association named 'name' was not found on Cat; perhaps you misspelled it?):
    1: <h2>Cats</h2>
    2: 
    3: <ul>
    4: <% @cats.each do |cat| %>
    5:     <li>
    6:     <%= render 'cat'%>
    7:     </li>
  
app/views/cats/index.html.erb:4:in `_app_views_cats_index_html_erb___4033466441781487478_70368407410900'
app/controllers/cats_controller.rb:6:in `index'
Started GET "/cats" for ::1 at 2021-06-18 15:07:11 -0700
Processing by CatsController#index as */*
Completed 500 Internal Server Error in 142ms (ActiveRecord: 0.0ms)


  
NameError (undefined local variable or method `name' for #<CatsController:0x00007fffd6c8d790>):
  
app/controllers/cats_controller.rb:5:in `index'
Started GET "/cats" for ::1 at 2021-06-18 15:08:34 -0700
Processing by CatsController#index as HTML
  Rendering cats/index.html.erb within layouts/application
  [1m[36mCat Load (0.7ms)[0m  [1m[34mSELECT "cats".* FROM "cats"[0m
  ↳ app/views/cats/index.html.erb:4
  Rendered cats/index.html.erb within layouts/application (19.8ms)
Completed 500 Internal Server Error in 32ms (ActiveRecord: 6.3ms)


  
ActionView::Template::Error (Missing partial cats/_cat, application/_cat with {:locale=>[:en], :formats=>[:html], :variants=>[], :handlers=>[:raw, :erb, :html, :builder, :ruby, :coffee, :jbuilder]}. Searched in:
  * "/mnt/c/Users/lamja/Desktop/appacademy/W6D5/AA_home_Work/W6D5/Cats/app/views"
):
    3: <ul>
    4: <% @cats.each do |cat| %>
    5:     <li>
    6:     <%= render 'cat'%>
    7:     </li>
    8: <% end %>
    9: </ul>   
  
app/views/cats/index.html.erb:6:in `block in _app_views_cats_index_html_erb___4033466441781487478_70368412913600'
app/views/cats/index.html.erb:4:in `_app_views_cats_index_html_erb___4033466441781487478_70368412913600'
app/controllers/cats_controller.rb:6:in `index'
Started GET "/cats" for ::1 at 2021-06-18 15:09:24 -0700
Processing by CatsController#index as HTML
  Rendering cats/index.html.erb within layouts/application
  [1m[36mCat Load (0.4ms)[0m  [1m[34mSELECT "cats".* FROM "cats"[0m
  ↳ app/views/cats/index.html.erb:4
  Rendered cats/index.html.erb within layouts/application (7.2ms)
Completed 500 Internal Server Error in 16ms (ActiveRecord: 0.4ms)


  
ActionView::Template::Error (Missing partial cats/_cat.name, application/_cat.name with {:locale=>[:en], :formats=>[:html], :variants=>[], :handlers=>[:raw, :erb, :html, :builder, :ruby, :coffee, :jbuilder]}. Searched in:
  * "/mnt/c/Users/lamja/Desktop/appacademy/W6D5/AA_home_Work/W6D5/Cats/app/views"
):
    3: <ul>
    4: <% @cats.each do |cat| %>
    5:     <li>
    6:     <%= render 'cat.name'%>
    7:     </li>
    8: <% end %>
    9: </ul>   
  
app/views/cats/index.html.erb:6:in `block in _app_views_cats_index_html_erb___4033466441781487478_70368413016120'
app/views/cats/index.html.erb:4:in `_app_views_cats_index_html_erb___4033466441781487478_70368413016120'
app/controllers/cats_controller.rb:6:in `index'
Started GET "/cats" for ::1 at 2021-06-18 15:09:27 -0700
Processing by CatsController#index as HTML
  Rendering cats/index.html.erb within layouts/application
  [1m[36mCat Load (0.5ms)[0m  [1m[34mSELECT "cats".* FROM "cats"[0m
  ↳ app/views/cats/index.html.erb:4
  Rendered cats/index.html.erb within layouts/application (7.8ms)
Completed 500 Internal Server Error in 12ms (ActiveRecord: 0.5ms)


  
ActionView::Template::Error (Missing partial cats/_cat.name, application/_cat.name with {:locale=>[:en], :formats=>[:html], :variants=>[], :handlers=>[:raw, :erb, :html, :builder, :ruby, :coffee, :jbuilder]}. Searched in:
  * "/mnt/c/Users/lamja/Desktop/appacademy/W6D5/AA_home_Work/W6D5/Cats/app/views"
):
    3: <ul>
    4: <% @cats.each do |cat| %>
    5:     <li>
    6:     <%= render 'cat.name'%>
    7:     </li>
    8: <% end %>
    9: </ul>   
  
app/views/cats/index.html.erb:6:in `block in _app_views_cats_index_html_erb___4033466441781487478_70368414124580'
app/views/cats/index.html.erb:4:in `_app_views_cats_index_html_erb___4033466441781487478_70368414124580'
app/controllers/cats_controller.rb:6:in `index'
Started GET "/cats" for ::1 at 2021-06-18 15:10:13 -0700
Processing by CatsController#index as HTML
  Rendering cats/index.html.erb within layouts/application
  [1m[36mCat Load (0.3ms)[0m  [1m[34mSELECT "cats".* FROM "cats"[0m
  ↳ app/views/cats/index.html.erb:4
  Rendered cats/index.html.erb within layouts/application (20.6ms)
Completed 500 Internal Server Error in 37ms (ActiveRecord: 4.8ms)


  
ActionView::Template::Error (Missing partial cats/_garfield, application/_garfield with {:locale=>[:en], :formats=>[:html], :variants=>[], :handlers=>[:raw, :erb, :html, :builder, :ruby, :coffee, :jbuilder]}. Searched in:
  * "/mnt/c/Users/lamja/Desktop/appacademy/W6D5/AA_home_Work/W6D5/Cats/app/views"
):
    3: <ul>
    4: <% @cats.each do |cat| %>
    5:     <li>
    6:     <%= render cat.name%>
    7:     </li>
    8: <% end %>
    9: </ul>   
  
app/views/cats/index.html.erb:6:in `block in _app_views_cats_index_html_erb___4033466441781487478_70368413027060'
app/views/cats/index.html.erb:4:in `_app_views_cats_index_html_erb___4033466441781487478_70368413027060'
app/controllers/cats_controller.rb:6:in `index'
Started GET "/cats" for ::1 at 2021-06-18 15:10:26 -0700
Processing by CatsController#index as HTML
  Rendering cats/index.html.erb within layouts/application
  Rendered cats/index.html.erb within layouts/application (0.8ms)
Completed 500 Internal Server Error in 11ms (ActiveRecord: 0.0ms)


  
SyntaxError (/mnt/c/Users/lamja/Desktop/appacademy/W6D5/AA_home_Work/W6D5/Cats/app/views/cats/index.html.erb:6: syntax error, unexpected tIDENTIFIER, expecting ')'
...uffer.append=( render :json cat);@output_buffer.safe_append='
...                            ^~~):
  
app/views/cats/index.html.erb:6: syntax error, unexpected tIDENTIFIER, expecting ')'
app/controllers/cats_controller.rb:6:in `index'
Started GET "/cats" for ::1 at 2021-06-18 15:10:43 -0700
Processing by CatsController#index as HTML
  Rendering cats/index.html.erb within layouts/application
  [1m[36mCat Load (0.4ms)[0m  [1m[34mSELECT "cats".* FROM "cats"[0m
  ↳ app/views/cats/index.html.erb:4
  Rendered cats/index.html.erb within layouts/application (3.8ms)
Completed 500 Internal Server Error in 15ms (ActiveRecord: 0.4ms)


  
ActionView::Template::Error (You invoked render but did not give any of :partial, :template, :inline, :file, :plain, :html or :body option.):
    3: <ul>
    4: <% @cats.each do |cat| %>
    5:     <li>
    6:     <%= render json: cat%>
    7:     </li>
    8: <% end %>
    9: </ul>   
  
app/views/cats/index.html.erb:6:in `block in _app_views_cats_index_html_erb___4033466441781487478_70368404812260'
app/views/cats/index.html.erb:4:in `_app_views_cats_index_html_erb___4033466441781487478_70368404812260'
app/controllers/cats_controller.rb:6:in `index'
Started GET "/cats" for ::1 at 2021-06-18 15:10:54 -0700
Processing by CatsController#index as HTML
  Rendering cats/index.html.erb within layouts/application
  [1m[36mCat Load (0.5ms)[0m  [1m[34mSELECT "cats".* FROM "cats"[0m
  ↳ app/views/cats/index.html.erb:4
  Rendered cats/index.html.erb within layouts/application (2.9ms)
Completed 200 OK in 466ms (Views: 465.6ms | ActiveRecord: 0.5ms)


Started GET "/cats" for ::1 at 2021-06-18 15:11:08 -0700
Processing by CatsController#index as HTML
  Rendering cats/index.html.erb within layouts/application
  [1m[36mCat Load (0.8ms)[0m  [1m[34mSELECT "cats".* FROM "cats"[0m
  ↳ app/views/cats/index.html.erb:4
  Rendered cats/index.html.erb within layouts/application (3.9ms)
Completed 200 OK in 33ms (Views: 31.4ms | ActiveRecord: 0.8ms)


Started GET "/cats" for ::1 at 2021-06-18 15:11:09 -0700
Processing by CatsController#index as HTML
  Rendering cats/index.html.erb within layouts/application
  [1m[36mCat Load (0.4ms)[0m  [1m[34mSELECT "cats".* FROM "cats"[0m
  ↳ app/views/cats/index.html.erb:4
  Rendered cats/index.html.erb within layouts/application (3.3ms)
Completed 200 OK in 29ms (Views: 27.8ms | ActiveRecord: 0.4ms)


Started GET "/cats" for ::1 at 2021-06-18 15:11:19 -0700
Processing by CatsController#index as HTML
  Rendering cats/index.html.erb within layouts/application
  [1m[36mCat Load (0.4ms)[0m  [1m[34mSELECT "cats".* FROM "cats"[0m
  ↳ app/views/cats/index.html.erb:4
  Rendered cats/index.html.erb within layouts/application (2.7ms)
Completed 200 OK in 29ms (Views: 27.8ms | ActiveRecord: 0.4ms)


Started GET "/cats" for ::1 at 2021-06-18 15:12:10 -0700
Processing by CatsController#index as HTML
  Rendering cats/index.html.erb within layouts/application
  [1m[36mCat Load (0.3ms)[0m  [1m[34mSELECT "cats".* FROM "cats"[0m
  ↳ app/views/cats/index.html.erb:4
  Rendered cats/index.html.erb within layouts/application (4.9ms)
Completed 500 Internal Server Error in 14ms (ActiveRecord: 0.3ms)


  
ActionView::Template::Error (Missing partial cats/_cat, application/_cat with {:locale=>[:en], :formats=>[:html], :variants=>[], :handlers=>[:raw, :erb, :html, :builder, :ruby, :coffee, :jbuilder]}. Searched in:
  * "/mnt/c/Users/lamja/Desktop/appacademy/W6D5/AA_home_Work/W6D5/Cats/app/views"
):
    3: <ul>
    4: <% @cats.each do |cat| %>
    5:     <li>
    6:     <%= render 'cat'%>
    7:     </li>
    8:     <br>
    9: <% end %>
  
app/views/cats/index.html.erb:6:in `block in _app_views_cats_index_html_erb___4033466441781487478_69821678804560'
app/views/cats/index.html.erb:4:in `_app_views_cats_index_html_erb___4033466441781487478_69821678804560'
app/controllers/cats_controller.rb:6:in `index'
Started GET "/cats" for ::1 at 2021-06-18 15:12:11 -0700
Processing by CatsController#index as HTML
  Rendering cats/index.html.erb within layouts/application
  [1m[36mCat Load (0.4ms)[0m  [1m[34mSELECT "cats".* FROM "cats"[0m
  ↳ app/views/cats/index.html.erb:4
  Rendered cats/index.html.erb within layouts/application (6.6ms)
Completed 500 Internal Server Error in 11ms (ActiveRecord: 0.4ms)


  
ActionView::Template::Error (Missing partial cats/_cat, application/_cat with {:locale=>[:en], :formats=>[:html], :variants=>[], :handlers=>[:raw, :erb, :html, :builder, :ruby, :coffee, :jbuilder]}. Searched in:
  * "/mnt/c/Users/lamja/Desktop/appacademy/W6D5/AA_home_Work/W6D5/Cats/app/views"
):
    3: <ul>
    4: <% @cats.each do |cat| %>
    5:     <li>
    6:     <%= render 'cat'%>
    7:     </li>
    8:     <br>
    9: <% end %>
  
app/views/cats/index.html.erb:6:in `block in _app_views_cats_index_html_erb___4033466441781487478_69821514991320'
app/views/cats/index.html.erb:4:in `_app_views_cats_index_html_erb___4033466441781487478_69821514991320'
app/controllers/cats_controller.rb:6:in `index'
Started GET "/cats" for ::1 at 2021-06-18 15:12:12 -0700
Processing by CatsController#index as HTML
  Rendering cats/index.html.erb within layouts/application
  [1m[36mCat Load (0.4ms)[0m  [1m[34mSELECT "cats".* FROM "cats"[0m
  ↳ app/views/cats/index.html.erb:4
  Rendered cats/index.html.erb within layouts/application (6.0ms)
Completed 500 Internal Server Error in 12ms (ActiveRecord: 0.4ms)


  
ActionView::Template::Error (Missing partial cats/_cat, application/_cat with {:locale=>[:en], :formats=>[:html], :variants=>[], :handlers=>[:raw, :erb, :html, :builder, :ruby, :coffee, :jbuilder]}. Searched in:
  * "/mnt/c/Users/lamja/Desktop/appacademy/W6D5/AA_home_Work/W6D5/Cats/app/views"
):
    3: <ul>
    4: <% @cats.each do |cat| %>
    5:     <li>
    6:     <%= render 'cat'%>
    7:     </li>
    8:     <br>
    9: <% end %>
  
app/views/cats/index.html.erb:6:in `block in _app_views_cats_index_html_erb___4033466441781487478_69821680383000'
app/views/cats/index.html.erb:4:in `_app_views_cats_index_html_erb___4033466441781487478_69821680383000'
app/controllers/cats_controller.rb:6:in `index'
Started GET "/cats" for ::1 at 2021-06-18 15:14:37 -0700
Processing by CatsController#index as HTML
  Rendering cats/index.html.erb within layouts/application
  [1m[36mCat Load (0.3ms)[0m  [1m[34mSELECT "cats".* FROM "cats"[0m
  ↳ app/views/cats/index.html.erb:4
  Rendered cats/_cat.html.erb (238.5ms)
  Rendered cats/index.html.erb within layouts/application (242.2ms)
Completed 500 Internal Server Error in 247ms (ActiveRecord: 0.3ms)


  
ActionView::Template::Error (undefined local variable or method `cat' for #<#<Class:0x00007fffd886af30>:0x00007f012d14cfc8>
Did you mean?  @cats):
    1: <h1> CATS </h1>
    2: 
    3: <li>Name: <%= cat.name %></li>
    4: <li>Birthday: <%= cat.birth_date %></li>
    5: <li>Color: <%= cat.color %></li>
    6: <li>Sex: <%= cat.sex %></li>
  
app/views/cats/_cat.html.erb:3:in `_app_views_cats__cat_html_erb___2296365969663197269_69821513855640'
app/views/cats/index.html.erb:6:in `block in _app_views_cats_index_html_erb___4033466441781487478_69821513891220'
app/views/cats/index.html.erb:4:in `_app_views_cats_index_html_erb___4033466441781487478_69821513891220'
app/controllers/cats_controller.rb:6:in `index'
Started GET "/cats" for ::1 at 2021-06-18 15:15:11 -0700
Processing by CatsController#index as HTML
  Rendering cats/index.html.erb within layouts/application
  [1m[36mCat Load (0.4ms)[0m  [1m[34mSELECT "cats".* FROM "cats"[0m
  ↳ app/views/cats/index.html.erb:4
  Rendered cats/_cat.html.erb (0.5ms)
  Rendered cats/_cat.html.erb (0.3ms)
  Rendered cats/_cat.html.erb (0.1ms)
  Rendered cats/_cat.html.erb (0.1ms)
  Rendered cats/index.html.erb within layouts/application (10.7ms)
Completed 200 OK in 49ms (Views: 47.2ms | ActiveRecord: 0.4ms)


Started GET "/cats" for ::1 at 2021-06-18 15:15:26 -0700
Processing by CatsController#index as HTML
  Rendering cats/index.html.erb within layouts/application
  [1m[36mCat Load (0.3ms)[0m  [1m[34mSELECT "cats".* FROM "cats"[0m
  ↳ app/views/cats/index.html.erb:4
  Rendered cats/_cat.html.erb (0.4ms)
  Rendered cats/_cat.html.erb (0.1ms)
  Rendered cats/_cat.html.erb (0.2ms)
  Rendered cats/_cat.html.erb (0.0ms)
  Rendered cats/index.html.erb within layouts/application (14.6ms)
Completed 200 OK in 40ms (Views: 39.7ms | ActiveRecord: 0.3ms)


Started GET "/cats" for ::1 at 2021-06-18 15:19:47 -0700
Processing by CatsController#index as HTML
  Rendering cats/index.html.erb within layouts/application
  [1m[36mCat Load (0.5ms)[0m  [1m[34mSELECT "cats".* FROM "cats"[0m
  ↳ app/views/cats/index.html.erb:4
  Rendered cats/_cat.html.erb (0.7ms)
  Rendered cats/index.html.erb within layouts/application (28.3ms)
Completed 500 Internal Server Error in 41ms (ActiveRecord: 8.0ms)


  
ActionView::Template::Error (No route matches {:action=>"show", :controller=>"cats"}, missing required keys: [:id]):
     6:     <%= render 'cat', cat: cat%>
     7:     </li>
     8:     <br>
     9:     <a href = '<%= cat_url %>'> SELECT CAT </a>
    10: <% end %>
    11: </ul>   
  
app/views/cats/index.html.erb:9:in `block in _app_views_cats_index_html_erb___4033466441781487478_69821680803940'
app/views/cats/index.html.erb:4:in `_app_views_cats_index_html_erb___4033466441781487478_69821680803940'
app/controllers/cats_controller.rb:6:in `index'
Started GET "/cats" for ::1 at 2021-06-18 15:20:26 -0700
Processing by CatsController#index as HTML
  Rendering cats/index.html.erb within layouts/application
  [1m[36mCat Load (0.4ms)[0m  [1m[34mSELECT "cats".* FROM "cats"[0m
  ↳ app/views/cats/index.html.erb:4
  Rendered cats/_cat.html.erb (0.4ms)
  Rendered cats/index.html.erb within layouts/application (6.1ms)
Completed 500 Internal Server Error in 15ms (ActiveRecord: 0.4ms)


  
ActionView::Template::Error (No route matches {:action=>"show", :controller=>"cats", :id=>nil}, missing required keys: [:id]):
     6:     <%= render 'cat', cat: cat%>
     7:     </li>
     8:     <br>
     9:     <a href = '<%= cat_url(params[:id]) %>'> SELECT CAT </a>
    10: <% end %>
    11: </ul>   
  
app/views/cats/index.html.erb:9:in `block in _app_views_cats_index_html_erb___4033466441781487478_69821680185240'
app/views/cats/index.html.erb:4:in `_app_views_cats_index_html_erb___4033466441781487478_69821680185240'
app/controllers/cats_controller.rb:6:in `index'
Started GET "/cats" for ::1 at 2021-06-18 15:20:27 -0700
Processing by CatsController#index as HTML
  Rendering cats/index.html.erb within layouts/application
  [1m[36mCat Load (0.4ms)[0m  [1m[34mSELECT "cats".* FROM "cats"[0m
  ↳ app/views/cats/index.html.erb:4
  Rendered cats/_cat.html.erb (0.6ms)
  Rendered cats/index.html.erb within layouts/application (8.1ms)
Completed 500 Internal Server Error in 17ms (ActiveRecord: 0.4ms)


  
ActionView::Template::Error (No route matches {:action=>"show", :controller=>"cats", :id=>nil}, missing required keys: [:id]):
     6:     <%= render 'cat', cat: cat%>
     7:     </li>
     8:     <br>
     9:     <a href = '<%= cat_url(params[:id]) %>'> SELECT CAT </a>
    10: <% end %>
    11: </ul>   
  
app/views/cats/index.html.erb:9:in `block in _app_views_cats_index_html_erb___4033466441781487478_69821589192900'
app/views/cats/index.html.erb:4:in `_app_views_cats_index_html_erb___4033466441781487478_69821589192900'
app/controllers/cats_controller.rb:6:in `index'
Started GET "/cats/2" for ::1 at 2021-06-18 15:20:40 -0700
Processing by CatsController#show as HTML
  Parameters: {"id"=>"2"}
  [1m[36mCat Load (0.3ms)[0m  [1m[34mSELECT  "cats".* FROM "cats" WHERE "cats"."id" = $1 LIMIT $2[0m  [["id", 2], ["LIMIT", 1]]
  ↳ app/controllers/cats_controller.rb:12
  Rendering cats/show.html.erb within layouts/application
  Rendered cats/show.html.erb within layouts/application (195.1ms)
Completed 500 Internal Server Error in 210ms (ActiveRecord: 0.5ms)


  
ActionView::Template::Error (undefined local variable or method `cat' for #<#<Class:0x00007f0140f6ed78>:0x00007f0140d40d30>
Did you mean?  @cat):
    1: <li>
    2: <%= render 'cat', cat: cat %>
    3: </li>
  
app/views/cats/show.html.erb:2:in `_app_views_cats_show_html_erb__2275805960952531566_69821679664420'
app/controllers/cats_controller.rb:13:in `show'
Started GET "/cats" for ::1 at 2021-06-18 15:21:23 -0700
Processing by CatsController#index as HTML
  Rendering cats/index.html.erb within layouts/application
  [1m[36mCat Load (0.3ms)[0m  [1m[34mSELECT "cats".* FROM "cats"[0m
  ↳ app/views/cats/index.html.erb:4
  Rendered cats/_cat.html.erb (0.4ms)
  Rendered cats/index.html.erb within layouts/application (6.4ms)
Completed 500 Internal Server Error in 11ms (ActiveRecord: 0.3ms)


  
ActionView::Template::Error (No route matches {:action=>"show", :controller=>"cats", :id=>nil}, missing required keys: [:id]):
     6:     <%= render 'cat', cat: cat%>
     7:     </li>
     8:     <br>
     9:     <a href = '<%= cat_url(params[:id]) %>'> SELECT CAT </a>
    10: <% end %>
    11: </ul>   
  
app/views/cats/index.html.erb:9:in `block in _app_views_cats_index_html_erb___4033466441781487478_69821574652560'
app/views/cats/index.html.erb:4:in `_app_views_cats_index_html_erb___4033466441781487478_69821574652560'
app/controllers/cats_controller.rb:6:in `index'
Started GET "/cats" for ::1 at 2021-06-18 15:22:58 -0700
Processing by CatsController#index as HTML
  Rendering cats/index.html.erb within layouts/application
  [1m[36mCat Load (0.5ms)[0m  [1m[34mSELECT "cats".* FROM "cats"[0m
  ↳ app/views/cats/index.html.erb:4
  Rendered cats/_cat.html.erb (0.6ms)
  Rendered cats/index.html.erb within layouts/application (8.0ms)
Completed 500 Internal Server Error in 13ms (ActiveRecord: 0.5ms)


  
ActionView::Template::Error (No route matches {:action=>"show", :controller=>"cats", :id=>nil}, missing required keys: [:id]):
     6:     <%= render 'cat', cat: cat%>
     7:     </li>
     8:     <br>
     9:     <a href = '<%= cat_url(params[:id]) %>'> SELECT CAT </a>
    10: <% end %>
    11: </ul>   
  
app/views/cats/index.html.erb:9:in `block in _app_views_cats_index_html_erb___4033466441781487478_69821679794480'
app/views/cats/index.html.erb:4:in `_app_views_cats_index_html_erb___4033466441781487478_69821679794480'
app/controllers/cats_controller.rb:6:in `index'
Started GET "/cats" for ::1 at 2021-06-18 15:23:00 -0700
Processing by CatsController#index as HTML
  Rendering cats/index.html.erb within layouts/application
  [1m[36mCat Load (0.4ms)[0m  [1m[34mSELECT "cats".* FROM "cats"[0m
  ↳ app/views/cats/index.html.erb:4
  Rendered cats/_cat.html.erb (0.4ms)
  Rendered cats/index.html.erb within layouts/application (8.3ms)
Completed 500 Internal Server Error in 13ms (ActiveRecord: 0.4ms)


  
ActionView::Template::Error (No route matches {:action=>"show", :controller=>"cats", :id=>nil}, missing required keys: [:id]):
     6:     <%= render 'cat', cat: cat%>
     7:     </li>
     8:     <br>
     9:     <a href = '<%= cat_url(params[:id]) %>'> SELECT CAT </a>
    10: <% end %>
    11: </ul>   
  
app/views/cats/index.html.erb:9:in `block in _app_views_cats_index_html_erb___4033466441781487478_69821679898420'
app/views/cats/index.html.erb:4:in `_app_views_cats_index_html_erb___4033466441781487478_69821679898420'
app/controllers/cats_controller.rb:6:in `index'
Started GET "/cats/1" for ::1 at 2021-06-18 15:23:03 -0700
Processing by CatsController#show as HTML
  Parameters: {"id"=>"1"}
  [1m[36mCat Load (0.4ms)[0m  [1m[34mSELECT  "cats".* FROM "cats" WHERE "cats"."id" = $1 LIMIT $2[0m  [["id", 1], ["LIMIT", 1]]
  ↳ app/controllers/cats_controller.rb:12
  Rendering cats/show.html.erb within layouts/application
  Rendered cats/_cat.html.erb (0.4ms)
  Rendered cats/show.html.erb within layouts/application (3.0ms)
Completed 200 OK in 29ms (Views: 26.8ms | ActiveRecord: 0.4ms)


Started GET "/cats" for ::1 at 2021-06-18 15:26:23 -0700
Processing by CatsController#index as HTML
  Rendering cats/index.html.erb within layouts/application
  [1m[36mCat Load (0.6ms)[0m  [1m[34mSELECT "cats".* FROM "cats"[0m
  ↳ app/views/cats/index.html.erb:4
  Rendered cats/_cat.html.erb (201.1ms)
  Rendered cats/index.html.erb within layouts/application (212.2ms)
Completed 500 Internal Server Error in 218ms (ActiveRecord: 0.6ms)


  
ActionView::Template::Error (undefined local variable or method `form' for #<#<Class:0x00007f0140f6ed78>:0x00007f0140e20b10>
Did you mean?  fork):
     5: <li>Color: <%= cat.color %></li>
     6: <li>Sex: <%= cat.sex %></li>
     7: <li>Description: <%= cat.description %></li>
     8: <% if form == :show %>
     9:     <a href = "<%= cats_url %>"> Back to Cats </a>    
    10: <% else %>
    11:     <a href = "<%= cat_url(cat) %>"> Look at this cat </a>
  
app/views/cats/_cat.html.erb:8:in `_app_views_cats__cat_html_erb___2296365969663197269_69821680101600'
app/views/cats/index.html.erb:6:in `block in _app_views_cats_index_html_erb___4033466441781487478_69821680122920'
app/views/cats/index.html.erb:4:in `_app_views_cats_index_html_erb___4033466441781487478_69821680122920'
app/controllers/cats_controller.rb:6:in `index'
Started GET "/cats" for ::1 at 2021-06-18 15:26:54 -0700
Processing by CatsController#index as HTML
  Rendering cats/index.html.erb within layouts/application
  [1m[36mCat Load (0.5ms)[0m  [1m[34mSELECT "cats".* FROM "cats"[0m
  ↳ app/views/cats/index.html.erb:4
  Rendered cats/index.html.erb within layouts/application (207.2ms)
Completed 500 Internal Server Error in 220ms (ActiveRecord: 0.5ms)


  
ActionView::Template::Error (undefined local variable or method `show' for #<#<Class:0x00007f0140f6ed78>:0x00007f012d2ff870>):
    3: <ul>
    4: <% @cats.each do |cat| %>
    5:     <li>
    6:     <%= render 'cat', cat: cat, form: show%>
    7:     </li>
    8:     <br>
    9: <% end %>
  
app/views/cats/index.html.erb:6:in `block in _app_views_cats_index_html_erb___4033466441781487478_69821514904200'
app/views/cats/index.html.erb:4:in `_app_views_cats_index_html_erb___4033466441781487478_69821514904200'
app/controllers/cats_controller.rb:6:in `index'
Started GET "/cats" for ::1 at 2021-06-18 15:27:05 -0700
Processing by CatsController#index as HTML
  Rendering cats/index.html.erb within layouts/application
  [1m[36mCat Load (0.3ms)[0m  [1m[34mSELECT "cats".* FROM "cats"[0m
  ↳ app/views/cats/index.html.erb:4
  Rendered cats/_cat.html.erb (0.5ms)
  Rendered cats/_cat.html.erb (0.1ms)
  Rendered cats/_cat.html.erb (0.1ms)
  Rendered cats/_cat.html.erb (0.1ms)
  Rendered cats/index.html.erb within layouts/application (9.2ms)
Completed 200 OK in 35ms (Views: 34.0ms | ActiveRecord: 0.3ms)


Started GET "/cats" for ::1 at 2021-06-18 15:27:08 -0700
Processing by CatsController#index as HTML
  Rendering cats/index.html.erb within layouts/application
  [1m[36mCat Load (0.5ms)[0m  [1m[34mSELECT "cats".* FROM "cats"[0m
  ↳ app/views/cats/index.html.erb:4
  Rendered cats/_cat.html.erb (1.1ms)
  Rendered cats/_cat.html.erb (0.2ms)
  Rendered cats/_cat.html.erb (0.2ms)
  Rendered cats/_cat.html.erb (0.2ms)
  Rendered cats/index.html.erb within layouts/application (13.2ms)
Completed 200 OK in 30ms (Views: 29.0ms | ActiveRecord: 0.5ms)


Started GET "/cats" for ::1 at 2021-06-18 15:27:09 -0700
Processing by CatsController#index as HTML
  Rendering cats/index.html.erb within layouts/application
  [1m[36mCat Load (0.3ms)[0m  [1m[34mSELECT "cats".* FROM "cats"[0m
  ↳ app/views/cats/index.html.erb:4
  Rendered cats/_cat.html.erb (0.6ms)
  Rendered cats/_cat.html.erb (0.2ms)
  Rendered cats/_cat.html.erb (0.1ms)
  Rendered cats/_cat.html.erb (0.1ms)
  Rendered cats/index.html.erb within layouts/application (8.4ms)
Completed 200 OK in 24ms (Views: 23.4ms | ActiveRecord: 0.3ms)


Started GET "/cats" for ::1 at 2021-06-18 15:27:09 -0700
Processing by CatsController#index as HTML
  Rendering cats/index.html.erb within layouts/application
  [1m[36mCat Load (0.3ms)[0m  [1m[34mSELECT "cats".* FROM "cats"[0m
  ↳ app/views/cats/index.html.erb:4
  Rendered cats/_cat.html.erb (0.5ms)
  Rendered cats/_cat.html.erb (0.1ms)
  Rendered cats/_cat.html.erb (0.1ms)
  Rendered cats/_cat.html.erb (0.1ms)
  Rendered cats/index.html.erb within layouts/application (7.7ms)
Completed 200 OK in 24ms (Views: 23.1ms | ActiveRecord: 0.3ms)


Started GET "/cats" for ::1 at 2021-06-18 15:27:09 -0700
Processing by CatsController#index as HTML
  Rendering cats/index.html.erb within layouts/application
  [1m[36mCat Load (0.4ms)[0m  [1m[34mSELECT "cats".* FROM "cats"[0m
  ↳ app/views/cats/index.html.erb:4
  Rendered cats/_cat.html.erb (0.7ms)
  Rendered cats/_cat.html.erb (0.1ms)
  Rendered cats/_cat.html.erb (0.2ms)
  Rendered cats/_cat.html.erb (0.1ms)
  Rendered cats/index.html.erb within layouts/application (10.3ms)
Completed 200 OK in 40ms (Views: 39.0ms | ActiveRecord: 0.4ms)


Started GET "/cats" for ::1 at 2021-06-18 15:27:09 -0700
Processing by CatsController#index as HTML
  Rendering cats/index.html.erb within layouts/application
  [1m[36mCat Load (0.3ms)[0m  [1m[34mSELECT "cats".* FROM "cats"[0m
  ↳ app/views/cats/index.html.erb:4
  Rendered cats/_cat.html.erb (0.5ms)
  Rendered cats/_cat.html.erb (0.1ms)
  Rendered cats/_cat.html.erb (0.1ms)
  Rendered cats/_cat.html.erb (0.2ms)
  Rendered cats/index.html.erb within layouts/application (8.3ms)
Completed 200 OK in 25ms (Views: 24.1ms | ActiveRecord: 0.3ms)


Started GET "/cats" for ::1 at 2021-06-18 15:27:26 -0700
Processing by CatsController#index as HTML
  Rendering cats/index.html.erb within layouts/application
  [1m[36mCat Load (0.4ms)[0m  [1m[34mSELECT "cats".* FROM "cats"[0m
  ↳ app/views/cats/index.html.erb:4
  Rendered cats/_cat.html.erb (1.0ms)
  Rendered cats/_cat.html.erb (0.9ms)
  Rendered cats/_cat.html.erb (0.3ms)
  Rendered cats/_cat.html.erb (0.3ms)
  Rendered cats/index.html.erb within layouts/application (13.0ms)
Completed 200 OK in 40ms (Views: 38.9ms | ActiveRecord: 0.4ms)


Started GET "/cats/1" for ::1 at 2021-06-18 15:27:34 -0700
Processing by CatsController#show as HTML
  Parameters: {"id"=>"1"}
  [1m[36mCat Load (0.4ms)[0m  [1m[34mSELECT  "cats".* FROM "cats" WHERE "cats"."id" = $1 LIMIT $2[0m  [["id", 1], ["LIMIT", 1]]
  ↳ app/controllers/cats_controller.rb:12
  Rendering cats/show.html.erb within layouts/application
  Rendered cats/_cat.html.erb (194.6ms)
  Rendered cats/show.html.erb within layouts/application (196.8ms)
Completed 500 Internal Server Error in 203ms (ActiveRecord: 0.4ms)


  
ActionView::Template::Error (undefined local variable or method `form' for #<#<Class:0x00007f0140f6ed78>:0x00007f014130d100>
Did you mean?  fork):
     5: <li>Color: <%= cat.color %></li>
     6: <li>Sex: <%= cat.sex %></li>
     7: <li>Description: <%= cat.description %></li>
     8: <% if form == :show %>
     9:     <a href = "<%= cats_url %>"> Back to Cats </a>    
    10: <% else %>
    11:     <a href = "<%= cat_url(cat) %>"> Look at this cat </a>
  
app/views/cats/_cat.html.erb:8:in `_app_views_cats__cat_html_erb___2296365969663197269_69821682676960'
app/views/cats/show.html.erb:2:in `_app_views_cats_show_html_erb__2275805960952531566_69821682695940'
app/controllers/cats_controller.rb:13:in `show'
Started GET "/cats/1" for ::1 at 2021-06-18 15:28:00 -0700
Processing by CatsController#show as HTML
  Parameters: {"id"=>"1"}
  [1m[36mCat Load (0.2ms)[0m  [1m[34mSELECT  "cats".* FROM "cats" WHERE "cats"."id" = $1 LIMIT $2[0m  [["id", 1], ["LIMIT", 1]]
  ↳ app/controllers/cats_controller.rb:12
  Rendering cats/show.html.erb within layouts/application
  Rendered cats/_cat.html.erb (0.5ms)
  Rendered cats/show.html.erb within layouts/application (3.1ms)
Completed 200 OK in 36ms (Views: 34.5ms | ActiveRecord: 0.2ms)


Started GET "/cats" for ::1 at 2021-06-18 15:28:02 -0700
Processing by CatsController#index as HTML
  Rendering cats/index.html.erb within layouts/application
  [1m[36mCat Load (0.3ms)[0m  [1m[34mSELECT "cats".* FROM "cats"[0m
  ↳ app/views/cats/index.html.erb:4
  Rendered cats/_cat.html.erb (0.4ms)
  Rendered cats/_cat.html.erb (0.1ms)
  Rendered cats/_cat.html.erb (0.1ms)
  Rendered cats/_cat.html.erb (0.4ms)
  Rendered cats/index.html.erb within layouts/application (9.7ms)
Completed 200 OK in 36ms (Views: 34.9ms | ActiveRecord: 0.3ms)


Started GET "/cats/1" for ::1 at 2021-06-18 15:28:03 -0700
Processing by CatsController#show as HTML
  Parameters: {"id"=>"1"}
  [1m[36mCat Load (0.6ms)[0m  [1m[34mSELECT  "cats".* FROM "cats" WHERE "cats"."id" = $1 LIMIT $2[0m  [["id", 1], ["LIMIT", 1]]
  ↳ app/controllers/cats_controller.rb:12
  Rendering cats/show.html.erb within layouts/application
  Rendered cats/_cat.html.erb (0.5ms)
  Rendered cats/show.html.erb within layouts/application (2.8ms)
Completed 200 OK in 24ms (Views: 21.1ms | ActiveRecord: 0.6ms)


Started GET "/cats" for ::1 at 2021-06-18 15:28:04 -0700
Processing by CatsController#index as HTML
  Rendering cats/index.html.erb within layouts/application
  [1m[36mCat Load (0.4ms)[0m  [1m[34mSELECT "cats".* FROM "cats"[0m
  ↳ app/views/cats/index.html.erb:4
  Rendered cats/_cat.html.erb (0.5ms)
  Rendered cats/_cat.html.erb (0.2ms)
  Rendered cats/_cat.html.erb (0.4ms)
  Rendered cats/_cat.html.erb (0.1ms)
  Rendered cats/index.html.erb within layouts/application (9.5ms)
Completed 200 OK in 32ms (Views: 31.5ms | ActiveRecord: 0.4ms)


Started GET "/cats/4" for ::1 at 2021-06-18 15:28:05 -0700
Processing by CatsController#show as HTML
  Parameters: {"id"=>"4"}
  [1m[36mCat Load (0.2ms)[0m  [1m[34mSELECT  "cats".* FROM "cats" WHERE "cats"."id" = $1 LIMIT $2[0m  [["id", 4], ["LIMIT", 1]]
  ↳ app/controllers/cats_controller.rb:12
  Rendering cats/show.html.erb within layouts/application
  Rendered cats/_cat.html.erb (0.6ms)
  Rendered cats/show.html.erb within layouts/application (2.2ms)
Completed 200 OK in 27ms (Views: 25.5ms | ActiveRecord: 0.2ms)


Started GET "/cats" for ::1 at 2021-06-18 15:28:06 -0700
Processing by CatsController#index as HTML
  Rendering cats/index.html.erb within layouts/application
  [1m[36mCat Load (0.4ms)[0m  [1m[34mSELECT "cats".* FROM "cats"[0m
  ↳ app/views/cats/index.html.erb:4
  Rendered cats/_cat.html.erb (0.8ms)
  Rendered cats/_cat.html.erb (0.3ms)
  Rendered cats/_cat.html.erb (0.1ms)
  Rendered cats/_cat.html.erb (0.1ms)
  Rendered cats/index.html.erb within layouts/application (10.3ms)
Completed 200 OK in 42ms (Views: 40.4ms | ActiveRecord: 0.4ms)


Started GET "/cats/3" for ::1 at 2021-06-18 15:28:06 -0700
Processing by CatsController#show as HTML
  Parameters: {"id"=>"3"}
  [1m[36mCat Load (0.1ms)[0m  [1m[34mSELECT  "cats".* FROM "cats" WHERE "cats"."id" = $1 LIMIT $2[0m  [["id", 3], ["LIMIT", 1]]
  ↳ app/controllers/cats_controller.rb:12
  Rendering cats/show.html.erb within layouts/application
  Rendered cats/_cat.html.erb (0.5ms)
  Rendered cats/show.html.erb within layouts/application (2.4ms)
Completed 200 OK in 47ms (Views: 45.9ms | ActiveRecord: 0.1ms)


Started GET "/cats" for ::1 at 2021-06-18 15:28:07 -0700
Processing by CatsController#index as HTML
  Rendering cats/index.html.erb within layouts/application
  [1m[36mCat Load (0.8ms)[0m  [1m[34mSELECT "cats".* FROM "cats"[0m
  ↳ app/views/cats/index.html.erb:4
  Rendered cats/_cat.html.erb (1.0ms)
  Rendered cats/_cat.html.erb (0.4ms)
  Rendered cats/_cat.html.erb (0.3ms)
  Rendered cats/_cat.html.erb (0.2ms)
  Rendered cats/index.html.erb within layouts/application (15.4ms)
Completed 200 OK in 34ms (Views: 32.2ms | ActiveRecord: 0.8ms)


Started GET "/cats/2" for ::1 at 2021-06-18 15:28:08 -0700
Processing by CatsController#show as HTML
  Parameters: {"id"=>"2"}
  [1m[36mCat Load (0.2ms)[0m  [1m[34mSELECT  "cats".* FROM "cats" WHERE "cats"."id" = $1 LIMIT $2[0m  [["id", 2], ["LIMIT", 1]]
  ↳ app/controllers/cats_controller.rb:12
  Rendering cats/show.html.erb within layouts/application
  Rendered cats/_cat.html.erb (0.8ms)
  Rendered cats/show.html.erb within layouts/application (3.3ms)
Completed 200 OK in 25ms (Views: 23.5ms | ActiveRecord: 0.2ms)


Started GET "/cats" for ::1 at 2021-06-18 15:28:13 -0700
Processing by CatsController#index as HTML
  Rendering cats/index.html.erb within layouts/application
  [1m[36mCat Load (0.3ms)[0m  [1m[34mSELECT "cats".* FROM "cats"[0m
  ↳ app/views/cats/index.html.erb:4
  Rendered cats/_cat.html.erb (0.5ms)
  Rendered cats/_cat.html.erb (0.2ms)
  Rendered cats/_cat.html.erb (0.1ms)
  Rendered cats/_cat.html.erb (0.1ms)
  Rendered cats/index.html.erb within layouts/application (8.1ms)
Completed 200 OK in 29ms (Views: 27.9ms | ActiveRecord: 0.3ms)


Started GET "/cats/3" for ::1 at 2021-06-18 15:28:14 -0700
Processing by CatsController#show as HTML
  Parameters: {"id"=>"3"}
  [1m[36mCat Load (0.4ms)[0m  [1m[34mSELECT  "cats".* FROM "cats" WHERE "cats"."id" = $1 LIMIT $2[0m  [["id", 3], ["LIMIT", 1]]
  ↳ app/controllers/cats_controller.rb:12
  Rendering cats/show.html.erb within layouts/application
  Rendered cats/_cat.html.erb (0.5ms)
  Rendered cats/show.html.erb within layouts/application (3.0ms)
Completed 200 OK in 24ms (Views: 20.3ms | ActiveRecord: 0.4ms)


Started GET "/cats/3" for ::1 at 2021-06-18 15:28:36 -0700
Processing by CatsController#show as HTML
  Parameters: {"id"=>"3"}
  [1m[36mCat Load (0.2ms)[0m  [1m[34mSELECT  "cats".* FROM "cats" WHERE "cats"."id" = $1 LIMIT $2[0m  [["id", 3], ["LIMIT", 1]]
  ↳ app/controllers/cats_controller.rb:12
  Rendering cats/show.html.erb within layouts/application
  Rendered cats/_cat.html.erb (0.4ms)
  Rendered cats/show.html.erb within layouts/application (2.1ms)
Completed 200 OK in 21ms (Views: 18.4ms | ActiveRecord: 0.2ms)


Started GET "/cats/3" for ::1 at 2021-06-18 15:28:49 -0700
Processing by CatsController#show as HTML
  Parameters: {"id"=>"3"}
  [1m[36mCat Load (0.2ms)[0m  [1m[34mSELECT  "cats".* FROM "cats" WHERE "cats"."id" = $1 LIMIT $2[0m  [["id", 3], ["LIMIT", 1]]
  ↳ app/controllers/cats_controller.rb:12
  Rendering cats/show.html.erb within layouts/application
  Rendered cats/_cat.html.erb (0.5ms)
  Rendered cats/show.html.erb within layouts/application (2.7ms)
Completed 200 OK in 27ms (Views: 25.9ms | ActiveRecord: 0.2ms)


Started GET "/cats" for ::1 at 2021-06-18 15:28:51 -0700
Processing by CatsController#index as HTML
  Rendering cats/index.html.erb within layouts/application
  [1m[36mCat Load (0.3ms)[0m  [1m[34mSELECT "cats".* FROM "cats"[0m
  ↳ app/views/cats/index.html.erb:4
  Rendered cats/_cat.html.erb (0.6ms)
  Rendered cats/_cat.html.erb (0.1ms)
  Rendered cats/_cat.html.erb (0.2ms)
  Rendered cats/_cat.html.erb (0.1ms)
  Rendered cats/index.html.erb within layouts/application (8.7ms)
Completed 200 OK in 40ms (Views: 39.0ms | ActiveRecord: 0.3ms)


Started GET "/cats" for ::1 at 2021-06-18 15:28:51 -0700
Processing by CatsController#index as HTML
  Rendering cats/index.html.erb within layouts/application
  [1m[36mCat Load (0.5ms)[0m  [1m[34mSELECT "cats".* FROM "cats"[0m
  ↳ app/views/cats/index.html.erb:4
  Rendered cats/_cat.html.erb (0.6ms)
  Rendered cats/_cat.html.erb (0.2ms)
  Rendered cats/_cat.html.erb (0.2ms)
  Rendered cats/_cat.html.erb (0.2ms)
  Rendered cats/index.html.erb within layouts/application (11.9ms)
Completed 200 OK in 29ms (Views: 28.3ms | ActiveRecord: 0.5ms)


Started GET "/cats" for ::1 at 2021-06-18 15:28:52 -0700
Processing by CatsController#index as HTML
  Rendering cats/index.html.erb within layouts/application
  [1m[36mCat Load (0.4ms)[0m  [1m[34mSELECT "cats".* FROM "cats"[0m
  ↳ app/views/cats/index.html.erb:4
  Rendered cats/_cat.html.erb (0.6ms)
  Rendered cats/_cat.html.erb (0.1ms)
  Rendered cats/_cat.html.erb (0.2ms)
  Rendered cats/_cat.html.erb (0.1ms)
  Rendered cats/index.html.erb within layouts/application (9.1ms)
Completed 200 OK in 33ms (Views: 32.2ms | ActiveRecord: 0.4ms)


Started GET "/cats/1" for ::1 at 2021-06-18 15:29:04 -0700
Processing by CatsController#show as HTML
  Parameters: {"id"=>"1"}
  [1m[36mCat Load (0.3ms)[0m  [1m[34mSELECT  "cats".* FROM "cats" WHERE "cats"."id" = $1 LIMIT $2[0m  [["id", 1], ["LIMIT", 1]]
  ↳ app/controllers/cats_controller.rb:12
  Rendering cats/show.html.erb within layouts/application
  Rendered cats/_cat.html.erb (1.0ms)
  Rendered cats/show.html.erb within layouts/application (3.9ms)
Completed 200 OK in 25ms (Views: 22.4ms | ActiveRecord: 0.3ms)


Started GET "/cats" for ::1 at 2021-06-18 15:29:05 -0700
Processing by CatsController#index as HTML
  Rendering cats/index.html.erb within layouts/application
  [1m[36mCat Load (0.3ms)[0m  [1m[34mSELECT "cats".* FROM "cats"[0m
  ↳ app/views/cats/index.html.erb:4
  Rendered cats/_cat.html.erb (0.6ms)
  Rendered cats/_cat.html.erb (0.2ms)
  Rendered cats/_cat.html.erb (0.1ms)
  Rendered cats/_cat.html.erb (0.1ms)
  Rendered cats/index.html.erb within layouts/application (8.6ms)
Completed 200 OK in 28ms (Views: 27.8ms | ActiveRecord: 0.3ms)


Started GET "/cats/1" for ::1 at 2021-06-18 15:29:06 -0700
Processing by CatsController#show as HTML
  Parameters: {"id"=>"1"}
  [1m[36mCat Load (0.5ms)[0m  [1m[34mSELECT  "cats".* FROM "cats" WHERE "cats"."id" = $1 LIMIT $2[0m  [["id", 1], ["LIMIT", 1]]
  ↳ app/controllers/cats_controller.rb:12
  Rendering cats/show.html.erb within layouts/application
  Rendered cats/_cat.html.erb (0.6ms)
  Rendered cats/show.html.erb within layouts/application (2.6ms)
Completed 200 OK in 22ms (Views: 19.8ms | ActiveRecord: 0.5ms)


Started GET "/cats" for ::1 at 2021-06-18 15:29:07 -0700
Processing by CatsController#index as HTML
  Rendering cats/index.html.erb within layouts/application
  [1m[36mCat Load (0.3ms)[0m  [1m[34mSELECT "cats".* FROM "cats"[0m
  ↳ app/views/cats/index.html.erb:4
  Rendered cats/_cat.html.erb (0.5ms)
  Rendered cats/_cat.html.erb (0.1ms)
  Rendered cats/_cat.html.erb (0.2ms)
  Rendered cats/_cat.html.erb (0.2ms)
  Rendered cats/index.html.erb within layouts/application (8.8ms)
Completed 200 OK in 30ms (Views: 29.2ms | ActiveRecord: 0.3ms)


Started GET "/cats/1" for ::1 at 2021-06-18 15:29:08 -0700
Processing by CatsController#show as HTML
  Parameters: {"id"=>"1"}
  [1m[36mCat Load (0.2ms)[0m  [1m[34mSELECT  "cats".* FROM "cats" WHERE "cats"."id" = $1 LIMIT $2[0m  [["id", 1], ["LIMIT", 1]]
  ↳ app/controllers/cats_controller.rb:12
  Rendering cats/show.html.erb within layouts/application
  Rendered cats/_cat.html.erb (0.6ms)
  Rendered cats/show.html.erb within layouts/application (2.5ms)
Completed 200 OK in 22ms (Views: 20.0ms | ActiveRecord: 0.2ms)


Started GET "/cats" for ::1 at 2021-06-18 15:29:08 -0700
Processing by CatsController#index as HTML
  Rendering cats/index.html.erb within layouts/application
  [1m[36mCat Load (0.4ms)[0m  [1m[34mSELECT "cats".* FROM "cats"[0m
  ↳ app/views/cats/index.html.erb:4
  Rendered cats/_cat.html.erb (0.5ms)
  Rendered cats/_cat.html.erb (0.1ms)
  Rendered cats/_cat.html.erb (0.2ms)
  Rendered cats/_cat.html.erb (0.2ms)
  Rendered cats/index.html.erb within layouts/application (8.6ms)
Completed 200 OK in 35ms (Views: 34.6ms | ActiveRecord: 0.4ms)


Started GET "/cats/1" for ::1 at 2021-06-18 15:29:08 -0700
Processing by CatsController#show as HTML
  Parameters: {"id"=>"1"}
  [1m[36mCat Load (0.3ms)[0m  [1m[34mSELECT  "cats".* FROM "cats" WHERE "cats"."id" = $1 LIMIT $2[0m  [["id", 1], ["LIMIT", 1]]
  ↳ app/controllers/cats_controller.rb:12
  Rendering cats/show.html.erb within layouts/application
  Rendered cats/_cat.html.erb (0.6ms)
  Rendered cats/show.html.erb within layouts/application (3.0ms)
Completed 200 OK in 27ms (Views: 24.7ms | ActiveRecord: 0.3ms)


Started GET "/cats/1" for ::1 at 2021-06-18 15:31:01 -0700
Processing by CatsController#show as HTML
  Parameters: {"id"=>"1"}
  [1m[36mCat Load (0.2ms)[0m  [1m[34mSELECT  "cats".* FROM "cats" WHERE "cats"."id" = $1 LIMIT $2[0m  [["id", 1], ["LIMIT", 1]]
  ↳ app/controllers/cats_controller.rb:12
  Rendering cats/show.html.erb within layouts/application
  Rendered cats/_cat.html.erb (0.8ms)
  Rendered cats/show.html.erb within layouts/application (9.5ms)
Completed 200 OK in 30ms (Views: 28.7ms | ActiveRecord: 0.2ms)


Started GET "/cats" for ::1 at 2021-06-18 15:31:01 -0700
Processing by CatsController#index as HTML
  Rendering cats/index.html.erb within layouts/application
  [1m[36mCat Load (0.4ms)[0m  [1m[34mSELECT "cats".* FROM "cats"[0m
  ↳ app/views/cats/index.html.erb:4
  Rendered cats/_cat.html.erb (0.6ms)
  Rendered cats/_cat.html.erb (0.1ms)
  Rendered cats/_cat.html.erb (0.1ms)
  Rendered cats/_cat.html.erb (0.3ms)
  Rendered cats/index.html.erb within layouts/application (9.9ms)
Completed 200 OK in 31ms (Views: 30.3ms | ActiveRecord: 0.4ms)


Started GET "/cats" for ::1 at 2021-06-18 15:31:02 -0700
Processing by CatsController#index as HTML
  Rendering cats/index.html.erb within layouts/application
  [1m[36mCat Load (0.3ms)[0m  [1m[34mSELECT "cats".* FROM "cats"[0m
  ↳ app/views/cats/index.html.erb:4
  Rendered cats/_cat.html.erb (0.4ms)
  Rendered cats/_cat.html.erb (0.1ms)
  Rendered cats/_cat.html.erb (0.1ms)
  Rendered cats/_cat.html.erb (0.1ms)
  Rendered cats/index.html.erb within layouts/application (7.9ms)
Completed 200 OK in 28ms (Views: 26.7ms | ActiveRecord: 0.3ms)


Started GET "/cats" for ::1 at 2021-06-18 15:31:02 -0700
Processing by CatsController#index as HTML
  Rendering cats/index.html.erb within layouts/application
  [1m[36mCat Load (0.4ms)[0m  [1m[34mSELECT "cats".* FROM "cats"[0m
  ↳ app/views/cats/index.html.erb:4
  Rendered cats/_cat.html.erb (0.5ms)
  Rendered cats/_cat.html.erb (0.1ms)
  Rendered cats/_cat.html.erb (0.1ms)
  Rendered cats/_cat.html.erb (0.3ms)
  Rendered cats/index.html.erb within layouts/application (11.6ms)
Completed 200 OK in 31ms (Views: 29.8ms | ActiveRecord: 0.4ms)


Started GET "/cats" for ::1 at 2021-06-18 15:31:14 -0700
Processing by CatsController#index as HTML
  Rendering cats/index.html.erb within layouts/application
  [1m[36mCat Load (0.6ms)[0m  [1m[34mSELECT "cats".* FROM "cats"[0m
  ↳ app/views/cats/index.html.erb:4
  Rendered cats/_cat.html.erb (0.5ms)
  Rendered cats/_cat.html.erb (0.2ms)
  Rendered cats/_cat.html.erb (0.1ms)
  Rendered cats/_cat.html.erb (0.1ms)
  Rendered cats/index.html.erb within layouts/application (17.4ms)
Completed 200 OK in 38ms (Views: 36.8ms | ActiveRecord: 0.6ms)


Started GET "/cats" for ::1 at 2021-06-18 15:31:15 -0700
Processing by CatsController#index as HTML
  Rendering cats/index.html.erb within layouts/application
  [1m[36mCat Load (0.4ms)[0m  [1m[34mSELECT "cats".* FROM "cats"[0m
  ↳ app/views/cats/index.html.erb:4
  Rendered cats/_cat.html.erb (0.7ms)
  Rendered cats/_cat.html.erb (0.1ms)
  Rendered cats/_cat.html.erb (0.4ms)
  Rendered cats/_cat.html.erb (0.3ms)
  Rendered cats/index.html.erb within layouts/application (11.6ms)
Completed 200 OK in 35ms (Views: 33.9ms | ActiveRecord: 0.4ms)


Started GET "/cats" for ::1 at 2021-06-18 15:31:33 -0700
Processing by CatsController#index as HTML
  Rendering cats/index.html.erb within layouts/application
  [1m[36mCat Load (0.3ms)[0m  [1m[34mSELECT "cats".* FROM "cats"[0m
  ↳ app/views/cats/index.html.erb:4
  Rendered cats/_cat.html.erb (0.9ms)
  Rendered cats/_cat.html.erb (0.2ms)
  Rendered cats/_cat.html.erb (0.1ms)
  Rendered cats/_cat.html.erb (0.1ms)
  Rendered cats/index.html.erb within layouts/application (14.8ms)
Completed 200 OK in 44ms (Views: 43.7ms | ActiveRecord: 0.3ms)


Started GET "/cats" for ::1 at 2021-06-18 15:34:22 -0700
Processing by CatsController#index as HTML
  Rendering cats/index.html.erb within layouts/application
  [1m[36mCat Load (0.3ms)[0m  [1m[34mSELECT "cats".* FROM "cats"[0m
  ↳ app/views/cats/index.html.erb:4
  Rendered cats/_cat.html.erb (0.6ms)
  Rendered cats/_cat.html.erb (0.1ms)
  Rendered cats/_cat.html.erb (0.1ms)
  Rendered cats/_cat.html.erb (0.1ms)
  Rendered cats/index.html.erb within layouts/application (8.0ms)
Completed 200 OK in 31ms (Views: 30.1ms | ActiveRecord: 0.3ms)


Started GET "/cats" for ::1 at 2021-06-18 15:37:21 -0700
Processing by CatsController#index as HTML
  Rendering cats/index.html.erb within layouts/application
  [1m[36mCat Load (0.6ms)[0m  [1m[34mSELECT "cats".* FROM "cats"[0m
  ↳ app/views/cats/index.html.erb:4
  Rendered cats/_cat.html.erb (0.6ms)
  Rendered cats/_cat.html.erb (0.1ms)
  Rendered cats/_cat.html.erb (0.1ms)
  Rendered cats/_cat.html.erb (0.1ms)
  Rendered cats/index.html.erb within layouts/application (23.3ms)
Completed 200 OK in 47ms (Views: 39.7ms | ActiveRecord: 3.8ms)


Started GET "/cats" for ::1 at 2021-06-18 15:38:19 -0700
Processing by CatsController#index as HTML
  Rendering cats/index.html.erb within layouts/application
  [1m[36mCat Load (0.5ms)[0m  [1m[34mSELECT "cats".* FROM "cats"[0m
  ↳ app/views/cats/index.html.erb:4
  Rendered cats/_cat.html.erb (0.7ms)
  Rendered cats/_cat.html.erb (0.3ms)
  Rendered cats/_cat.html.erb (0.1ms)
  Rendered cats/_cat.html.erb (0.2ms)
  Rendered cats/index.html.erb within layouts/application (11.5ms)
Completed 200 OK in 38ms (Views: 37.3ms | ActiveRecord: 0.5ms)


Started GET "/cats" for ::1 at 2021-06-18 15:38:31 -0700
Processing by CatsController#index as HTML
  Rendering cats/index.html.erb within layouts/application
  [1m[36mCat Load (0.4ms)[0m  [1m[34mSELECT "cats".* FROM "cats"[0m
  ↳ app/views/cats/index.html.erb:4
  Rendered cats/_cat.html.erb (1.5ms)
  Rendered cats/_cat.html.erb (0.1ms)
  Rendered cats/_cat.html.erb (0.3ms)
  Rendered cats/_cat.html.erb (0.2ms)
  Rendered cats/index.html.erb within layouts/application (19.1ms)
Completed 200 OK in 36ms (Views: 35.2ms | ActiveRecord: 0.4ms)


Started GET "/cats" for ::1 at 2021-06-18 15:38:37 -0700
Processing by CatsController#index as HTML
  Rendering cats/index.html.erb within layouts/application
  [1m[36mCat Load (0.3ms)[0m  [1m[34mSELECT "cats".* FROM "cats"[0m
  ↳ app/views/cats/index.html.erb:4
  Rendered cats/_cat.html.erb (0.7ms)
  Rendered cats/_cat.html.erb (0.2ms)
  Rendered cats/_cat.html.erb (0.1ms)
  Rendered cats/_cat.html.erb (0.1ms)
  Rendered cats/index.html.erb within layouts/application (10.5ms)
Completed 200 OK in 29ms (Views: 27.9ms | ActiveRecord: 0.3ms)


Started GET "/cats" for ::1 at 2021-06-18 15:38:58 -0700
Processing by CatsController#index as HTML
  Rendering cats/index.html.erb within layouts/application
  [1m[36mCat Load (0.3ms)[0m  [1m[34mSELECT "cats".* FROM "cats"[0m
  ↳ app/views/cats/index.html.erb:4
  Rendered cats/_cat.html.erb (0.6ms)
  Rendered cats/_cat.html.erb (0.2ms)
  Rendered cats/_cat.html.erb (0.2ms)
  Rendered cats/_cat.html.erb (0.2ms)
  Rendered cats/index.html.erb within layouts/application (19.2ms)
Completed 200 OK in 37ms (Views: 36.7ms | ActiveRecord: 0.3ms)


Started GET "/cats" for ::1 at 2021-06-18 15:39:10 -0700
Processing by CatsController#index as HTML
  Rendering cats/index.html.erb within layouts/application
  [1m[36mCat Load (0.3ms)[0m  [1m[34mSELECT "cats".* FROM "cats"[0m
  ↳ app/views/cats/index.html.erb:4
  Rendered cats/_cat.html.erb (0.6ms)
  Rendered cats/_cat.html.erb (0.2ms)
  Rendered cats/_cat.html.erb (0.2ms)
  Rendered cats/_cat.html.erb (0.2ms)
  Rendered cats/index.html.erb within layouts/application (15.4ms)
Completed 200 OK in 38ms (Views: 36.8ms | ActiveRecord: 0.3ms)


Started GET "/cats" for ::1 at 2021-06-18 15:39:24 -0700
Processing by CatsController#index as HTML
  Rendering cats/index.html.erb within layouts/application
  [1m[36mCat Load (0.4ms)[0m  [1m[34mSELECT "cats".* FROM "cats"[0m
  ↳ app/views/cats/index.html.erb:4
  Rendered cats/_cat.html.erb (0.6ms)
  Rendered cats/_cat.html.erb (0.2ms)
  Rendered cats/_cat.html.erb (0.1ms)
  Rendered cats/_cat.html.erb (0.1ms)
  Rendered cats/index.html.erb within layouts/application (16.8ms)
Completed 200 OK in 36ms (Views: 34.9ms | ActiveRecord: 0.4ms)


Started GET "/cats" for ::1 at 2021-06-18 15:39:51 -0700
Processing by CatsController#index as HTML
  Rendering cats/index.html.erb within layouts/application
  [1m[36mCat Load (0.3ms)[0m  [1m[34mSELECT "cats".* FROM "cats"[0m
  ↳ app/views/cats/index.html.erb:4
  Rendered cats/_cat.html.erb (0.7ms)
  Rendered cats/_cat.html.erb (0.2ms)
  Rendered cats/_cat.html.erb (0.3ms)
  Rendered cats/_cat.html.erb (0.6ms)
  Rendered cats/index.html.erb within layouts/application (17.0ms)
Completed 200 OK in 35ms (Views: 34.1ms | ActiveRecord: 0.3ms)


Started GET "/cats/1" for ::1 at 2021-06-18 15:40:09 -0700
Processing by CatsController#show as HTML
  Parameters: {"id"=>"1"}
  [1m[36mCat Load (0.3ms)[0m  [1m[34mSELECT  "cats".* FROM "cats" WHERE "cats"."id" = $1 LIMIT $2[0m  [["id", 1], ["LIMIT", 1]]
  ↳ app/controllers/cats_controller.rb:12
  Rendering cats/show.html.erb within layouts/application
  Rendered cats/_cat.html.erb (0.6ms)
  Rendered cats/show.html.erb within layouts/application (2.2ms)
Completed 200 OK in 28ms (Views: 25.8ms | ActiveRecord: 0.3ms)


Started GET "/cats" for ::1 at 2021-06-18 15:40:11 -0700
Processing by CatsController#index as HTML
  Rendering cats/index.html.erb within layouts/application
  [1m[36mCat Load (0.3ms)[0m  [1m[34mSELECT "cats".* FROM "cats"[0m
  ↳ app/views/cats/index.html.erb:4
  Rendered cats/_cat.html.erb (0.6ms)
  Rendered cats/_cat.html.erb (0.1ms)
  Rendered cats/_cat.html.erb (0.2ms)
  Rendered cats/_cat.html.erb (0.1ms)
  Rendered cats/index.html.erb within layouts/application (8.7ms)
Completed 200 OK in 32ms (Views: 30.8ms | ActiveRecord: 0.3ms)


Started GET "/cats/1" for ::1 at 2021-06-18 15:40:12 -0700
Processing by CatsController#show as HTML
  Parameters: {"id"=>"1"}
  [1m[36mCat Load (0.2ms)[0m  [1m[34mSELECT  "cats".* FROM "cats" WHERE "cats"."id" = $1 LIMIT $2[0m  [["id", 1], ["LIMIT", 1]]
  ↳ app/controllers/cats_controller.rb:12
  Rendering cats/show.html.erb within layouts/application
  Rendered cats/_cat.html.erb (0.6ms)
  Rendered cats/show.html.erb within layouts/application (3.2ms)
Completed 200 OK in 24ms (Views: 22.0ms | ActiveRecord: 0.2ms)


Started GET "/cats" for ::1 at 2021-06-18 15:40:13 -0700
Processing by CatsController#index as HTML
  Rendering cats/index.html.erb within layouts/application
  [1m[36mCat Load (0.4ms)[0m  [1m[34mSELECT "cats".* FROM "cats"[0m
  ↳ app/views/cats/index.html.erb:4
  Rendered cats/_cat.html.erb (1.1ms)
  Rendered cats/_cat.html.erb (0.2ms)
  Rendered cats/_cat.html.erb (0.1ms)
  Rendered cats/_cat.html.erb (0.2ms)
  Rendered cats/index.html.erb within layouts/application (10.3ms)
Completed 200 OK in 33ms (Views: 32.1ms | ActiveRecord: 0.4ms)


Started GET "/cats/1" for ::1 at 2021-06-18 15:40:14 -0700
Processing by CatsController#show as HTML
  Parameters: {"id"=>"1"}
  [1m[36mCat Load (0.2ms)[0m  [1m[34mSELECT  "cats".* FROM "cats" WHERE "cats"."id" = $1 LIMIT $2[0m  [["id", 1], ["LIMIT", 1]]
  ↳ app/controllers/cats_controller.rb:12
  Rendering cats/show.html.erb within layouts/application
  Rendered cats/_cat.html.erb (0.5ms)
  Rendered cats/show.html.erb within layouts/application (2.7ms)
Completed 200 OK in 24ms (Views: 22.2ms | ActiveRecord: 0.2ms)


Started GET "/cats" for ::1 at 2021-06-18 15:40:15 -0700
Processing by CatsController#index as HTML
  Rendering cats/index.html.erb within layouts/application
  [1m[36mCat Load (0.5ms)[0m  [1m[34mSELECT "cats".* FROM "cats"[0m
  ↳ app/views/cats/index.html.erb:4
  Rendered cats/_cat.html.erb (0.6ms)
  Rendered cats/_cat.html.erb (0.1ms)
  Rendered cats/_cat.html.erb (0.2ms)
  Rendered cats/_cat.html.erb (0.1ms)
  Rendered cats/index.html.erb within layouts/application (11.3ms)
Completed 200 OK in 28ms (Views: 27.4ms | ActiveRecord: 0.5ms)


Started GET "/cats/1" for ::1 at 2021-06-18 15:40:16 -0700
Processing by CatsController#show as HTML
  Parameters: {"id"=>"1"}
  [1m[36mCat Load (0.2ms)[0m  [1m[34mSELECT  "cats".* FROM "cats" WHERE "cats"."id" = $1 LIMIT $2[0m  [["id", 1], ["LIMIT", 1]]
  ↳ app/controllers/cats_controller.rb:12
  Rendering cats/show.html.erb within layouts/application
  Rendered cats/_cat.html.erb (0.4ms)
  Rendered cats/show.html.erb within layouts/application (2.2ms)
Completed 200 OK in 24ms (Views: 22.6ms | ActiveRecord: 0.2ms)


Started GET "/cats" for ::1 at 2021-06-18 15:40:18 -0700
Processing by CatsController#index as HTML
  Rendering cats/index.html.erb within layouts/application
  [1m[36mCat Load (0.3ms)[0m  [1m[34mSELECT "cats".* FROM "cats"[0m
  ↳ app/views/cats/index.html.erb:4
  Rendered cats/_cat.html.erb (0.5ms)
  Rendered cats/_cat.html.erb (0.1ms)
  Rendered cats/_cat.html.erb (0.1ms)
  Rendered cats/_cat.html.erb (0.1ms)
  Rendered cats/index.html.erb within layouts/application (7.6ms)
Completed 200 OK in 29ms (Views: 27.8ms | ActiveRecord: 0.3ms)


Started GET "/cats/1" for ::1 at 2021-06-18 15:40:27 -0700
Processing by CatsController#show as HTML
  Parameters: {"id"=>"1"}
  [1m[36mCat Load (0.3ms)[0m  [1m[34mSELECT  "cats".* FROM "cats" WHERE "cats"."id" = $1 LIMIT $2[0m  [["id", 1], ["LIMIT", 1]]
  ↳ app/controllers/cats_controller.rb:12
  Rendering cats/show.html.erb within layouts/application
  Rendered cats/_cat.html.erb (0.7ms)
  Rendered cats/show.html.erb within layouts/application (2.8ms)
Completed 200 OK in 32ms (Views: 30.1ms | ActiveRecord: 0.3ms)


Started GET "/cats" for ::1 at 2021-06-18 15:40:29 -0700
Processing by CatsController#index as HTML
  Rendering cats/index.html.erb within layouts/application
  [1m[36mCat Load (0.3ms)[0m  [1m[34mSELECT "cats".* FROM "cats"[0m
  ↳ app/views/cats/index.html.erb:4
  Rendered cats/_cat.html.erb (0.5ms)
  Rendered cats/_cat.html.erb (0.1ms)
  Rendered cats/_cat.html.erb (0.1ms)
  Rendered cats/_cat.html.erb (0.1ms)
  Rendered cats/index.html.erb within layouts/application (8.0ms)
Completed 200 OK in 25ms (Views: 24.0ms | ActiveRecord: 0.3ms)


Started GET "/cats/1" for ::1 at 2021-06-18 15:40:34 -0700
Processing by CatsController#show as HTML
  Parameters: {"id"=>"1"}
  [1m[36mCat Load (0.2ms)[0m  [1m[34mSELECT  "cats".* FROM "cats" WHERE "cats"."id" = $1 LIMIT $2[0m  [["id", 1], ["LIMIT", 1]]
  ↳ app/controllers/cats_controller.rb:12
  Rendering cats/show.html.erb within layouts/application
  Rendered cats/_cat.html.erb (0.5ms)
  Rendered cats/show.html.erb within layouts/application (2.0ms)
Completed 200 OK in 22ms (Views: 20.2ms | ActiveRecord: 0.2ms)


Started GET "/cats/1" for ::1 at 2021-06-18 15:40:45 -0700
Processing by CatsController#show as HTML
  Parameters: {"id"=>"1"}
  [1m[36mCat Load (0.2ms)[0m  [1m[34mSELECT  "cats".* FROM "cats" WHERE "cats"."id" = $1 LIMIT $2[0m  [["id", 1], ["LIMIT", 1]]
  ↳ app/controllers/cats_controller.rb:12
  Rendering cats/show.html.erb within layouts/application
  Rendered cats/_cat.html.erb (0.5ms)
  Rendered cats/show.html.erb within layouts/application (2.3ms)
Completed 200 OK in 33ms (Views: 31.0ms | ActiveRecord: 0.2ms)


Started GET "/cats/1" for ::1 at 2021-06-18 15:40:54 -0700
Processing by CatsController#show as HTML
  Parameters: {"id"=>"1"}
  [1m[36mCat Load (0.3ms)[0m  [1m[34mSELECT  "cats".* FROM "cats" WHERE "cats"."id" = $1 LIMIT $2[0m  [["id", 1], ["LIMIT", 1]]
  ↳ app/controllers/cats_controller.rb:12
  Rendering cats/show.html.erb within layouts/application
  Rendered cats/_cat.html.erb (0.7ms)
  Rendered cats/show.html.erb within layouts/application (3.5ms)
Completed 200 OK in 29ms (Views: 27.7ms | ActiveRecord: 0.3ms)


Started GET "/cats" for ::1 at 2021-06-18 15:41:05 -0700
Processing by CatsController#index as HTML
  Rendering cats/index.html.erb within layouts/application
  [1m[36mCat Load (0.6ms)[0m  [1m[34mSELECT "cats".* FROM "cats"[0m
  ↳ app/views/cats/index.html.erb:4
  Rendered cats/_cat.html.erb (1.0ms)
  Rendered cats/_cat.html.erb (0.4ms)
  Rendered cats/_cat.html.erb (0.3ms)
  Rendered cats/_cat.html.erb (0.3ms)
  Rendered cats/index.html.erb within layouts/application (15.7ms)
Completed 200 OK in 31ms (Views: 30.2ms | ActiveRecord: 0.6ms)


Started GET "/cats/1" for ::1 at 2021-06-18 15:41:08 -0700
Processing by CatsController#show as HTML
  Parameters: {"id"=>"1"}
  [1m[36mCat Load (0.2ms)[0m  [1m[34mSELECT  "cats".* FROM "cats" WHERE "cats"."id" = $1 LIMIT $2[0m  [["id", 1], ["LIMIT", 1]]
  ↳ app/controllers/cats_controller.rb:12
  Rendering cats/show.html.erb within layouts/application
  Rendered cats/_cat.html.erb (0.4ms)
  Rendered cats/show.html.erb within layouts/application (2.3ms)
Completed 200 OK in 23ms (Views: 20.9ms | ActiveRecord: 0.2ms)


Started GET "/cats" for ::1 at 2021-06-18 16:32:24 -0700
  [1m[35m (0.8ms)[0m  [1m[34mSELECT "schema_migrations"."version" FROM "schema_migrations" ORDER BY "schema_migrations"."version" ASC[0m
  ↳ /Users/oscarpalacios/.rbenv/versions/2.5.1/lib/ruby/gems/2.5.0/gems/activerecord-5.2.6/lib/active_record/log_subscriber.rb:98
Processing by CatsController#index as */*
  Rendering cats/index.html.erb within layouts/application
  [1m[36mCat Load (1.6ms)[0m  [1m[34mSELECT "cats".* FROM "cats"[0m
  ↳ app/views/cats/index.html.erb:4
  Rendered cats/_cat.html.erb (1.6ms)
  Rendered cats/_cat.html.erb (0.2ms)
  Rendered cats/_cat.html.erb (0.2ms)
  Rendered cats/_cat.html.erb (0.2ms)
  Rendered cats/index.html.erb within layouts/application (87.7ms)
Completed 200 OK in 1217ms (Views: 1202.7ms | ActiveRecord: 8.3ms)


Started GET "/cats/new" for ::1 at 2021-06-18 16:32:51 -0700
Processing by CatsController#new as */*
Completed 400 Bad Request in 2ms (ActiveRecord: 0.0ms)


  
ActionController::ParameterMissing (param is missing or the value is empty: cat):
  
app/controllers/cats_controller.rb:31:in `cat_params'
app/controllers/cats_controller.rb:19:in `new'
Started GET "/cats/new" for ::1 at 2021-06-18 16:35:35 -0700
Processing by CatsController#new as */*
  Rendering cats/new.html.erb within layouts/application
  Rendered cats/new.html.erb within layouts/application (0.9ms)
Completed 200 OK in 71ms (Views: 44.4ms | ActiveRecord: 14.4ms)


Started GET "/cats/new" for ::1 at 2021-06-18 16:39:19 -0700
Processing by CatsController#new as */*
  Rendering cats/new.html.erb within layouts/application
  Rendered cats/new.html.erb within layouts/application (23.2ms)
Completed 500 Internal Server Error in 48ms (ActiveRecord: 0.0ms)


  
ActionView::Template::Error (No route matches {:action=>"show", :controller=>"cats"}, missing required keys: [:id]):
    1: <form action='<%= cat_url %>' method='post'>
    2:     <label for='cat_name'>Name </label>
    3:     <input type='text' id='cat_name' name='cat[name]' value= '<%= @cat.name %>' > 
    4:     <br>
  
app/views/cats/new.html.erb:1:in `_app_views_cats_new_html_erb___3144893769635190013_70305191240100'
app/controllers/cats_controller.rb:31:in `new'
Started GET "/cats/new" for ::1 at 2021-06-18 16:39:39 -0700
Processing by CatsController#new as */*
  Rendering cats/new.html.erb within layouts/application
  Rendered cats/new.html.erb within layouts/application (23.7ms)
Completed 500 Internal Server Error in 70ms (ActiveRecord: 0.0ms)


  
ActionView::Template::Error (No route matches {:action=>"show", :controller=>"cats", :id=>nil}, missing required keys: [:id]):
    1: <form action='<%= cat_url(@cat) %>' method='post'>
    2:     <label for='cat_name'>Name </label>
    3:     <input type='text' id='cat_name' name='cat[name]' value= '<%= @cat.name %>' > 
    4:     <br>
  
app/views/cats/new.html.erb:1:in `_app_views_cats_new_html_erb___3144893769635190013_70305134824460'
app/controllers/cats_controller.rb:31:in `new'
Started GET "/cats/new" for ::1 at 2021-06-18 16:39:55 -0700
Processing by CatsController#new as */*
  Rendering cats/new.html.erb within layouts/application
  Rendered cats/new.html.erb within layouts/application (33.0ms)
Completed 500 Internal Server Error in 71ms (ActiveRecord: 0.0ms)


  
ActionView::Template::Error (No route matches {:action=>"show", :controller=>"cats", :id=>nil}, missing required keys: [:id]):
    1: <form action='<%= cat_url(@cat.id) %>' method='post'>
    2:     <label for='cat_name'>Name </label>
    3:     <input type='text' id='cat_name' name='cat[name]' value= '<%= @cat.name %>' > 
    4:     <br>
  
app/views/cats/new.html.erb:1:in `_app_views_cats_new_html_erb___3144893769635190013_70305135839840'
app/controllers/cats_controller.rb:31:in `new'
Started GET "/cats/new" for ::1 at 2021-06-18 16:40:09 -0700
Processing by CatsController#new as */*
  Rendering cats/new.html.erb within layouts/application
  Rendered cats/new.html.erb within layouts/application (2.5ms)
Completed 200 OK in 47ms (Views: 43.7ms | ActiveRecord: 0.0ms)


Started GET "/cats/new" for ::1 at 2021-06-18 16:42:41 -0700
Processing by CatsController#new as */*
  Rendering cats/new.html.erb within layouts/application
  Rendered cats/new.html.erb within layouts/application (1.1ms)
Completed 200 OK in 48ms (Views: 45.7ms | ActiveRecord: 0.0ms)


Started GET "/cats/new" for ::1 at 2021-06-18 16:43:06 -0700
Processing by CatsController#new as */*
  Rendering cats/new.html.erb within layouts/application
  Rendered cats/new.html.erb within layouts/application (1.2ms)
Completed 200 OK in 59ms (Views: 55.3ms | ActiveRecord: 0.0ms)


Started GET "/cats/new" for ::1 at 2021-06-18 16:47:11 -0700
Processing by CatsController#new as */*
  Rendering cats/new.html.erb within layouts/application
  Rendered cats/new.html.erb within layouts/application (39.9ms)
Completed 500 Internal Server Error in 67ms (ActiveRecord: 0.0ms)


  
ActionView::Template::Error (uninitialized constant ActionView::CompiledTemplates::COLOR):
    10:    
    11:     
    12:   <select name='Colors'>
    13:     <% COLOR.each do |color| %>
    14:     <option value='<%= color %>' > 
    15:     
    16:   <% end %>
  
app/views/cats/new.html.erb:13:in `_app_views_cats_new_html_erb___3144893769635190013_70305125761560'
app/controllers/cats_controller.rb:31:in `new'
Started GET "/cats/new" for ::1 at 2021-06-18 16:48:21 -0700
Processing by CatsController#new as */*
  Rendering cats/new.html.erb within layouts/application
  Rendered cats/new.html.erb within layouts/application (24.0ms)
Completed 500 Internal Server Error in 86ms (ActiveRecord: 32.9ms)


  
ActionView::Template::Error (uninitialized constant Cat::COLOR):
    10:    
    11:     
    12:   <select name='Colors'>
    13:     <% Cat::COLOR.each do |color| %>
    14:     <option value='<%= color %>' > 
    15:     
    16:   <% end %>
  
app/views/cats/new.html.erb:13:in `_app_views_cats_new_html_erb___3144893769635190013_70305187213140'
app/controllers/cats_controller.rb:31:in `new'
Started GET "/cats/new" for ::1 at 2021-06-18 16:49:01 -0700
Processing by CatsController#new as */*
Completed 500 Internal Server Error in 4ms (ActiveRecord: 0.0ms)


  
NameError (uninitialized constant Cat::COLORS):
  
app/models/cat.rb:10:in `<class:Cat>'
app/models/cat.rb:3:in `<top (required)>'
app/controllers/cats_controller.rb:30:in `new'
Started GET "/cats/new" for ::1 at 2021-06-18 16:49:27 -0700
Processing by CatsController#new as */*
  Rendering cats/new.html.erb within layouts/application
  Rendered cats/new.html.erb within layouts/application (21.3ms)
Completed 500 Internal Server Error in 66ms (ActiveRecord: 15.0ms)


  
ActionView::Template::Error (uninitialized constant Cat::COLOR):
    10:    
    11:     
    12:   <select name='Colors'>
    13:     <% Cat::COLOR.each do |color| %>
    14:     <option value='<%= color %>' > 
    15:     
    16:   <% end %>
  
app/views/cats/new.html.erb:13:in `_app_views_cats_new_html_erb___3144893769635190013_70304873392000'
app/controllers/cats_controller.rb:31:in `new'
Started GET "/cats/new" for ::1 at 2021-06-18 16:50:04 -0700
Processing by CatsController#new as */*
  Rendering cats/new.html.erb within layouts/application
  Rendered cats/new.html.erb within layouts/application (23.3ms)
Completed 500 Internal Server Error in 49ms (ActiveRecord: 0.0ms)


  
ActionView::Template::Error (uninitialized constant Cat::COLORS):
    10:    
    11:     
    12:   <select name='Colors'>
    13:     <% Cat::COLORS.each do |color| %>
    14:     <option value='<%= color %>' > 
    15:     
    16:   <% end %>
  
app/views/cats/new.html.erb:13:in `_app_views_cats_new_html_erb___3144893769635190013_70304920890580'
app/controllers/cats_controller.rb:31:in `new'
Started GET "/cats/new" for ::1 at 2021-06-18 16:50:22 -0700
Processing by CatsController#new as */*
  Rendering cats/new.html.erb within layouts/application
  Rendered cats/new.html.erb within layouts/application (25.4ms)
Completed 500 Internal Server Error in 59ms (ActiveRecord: 0.0ms)


  
ActionView::Template::Error (uninitialized class variable @@COLORS in ActionView::CompiledTemplates):
    10:    
    11:     
    12:   <select name='Colors'>
    13:     <% @@COLORS.each do |color| %>
    14:     <option value='<%= color %>' > 
    15:     
    16:   <% end %>
  
app/views/cats/new.html.erb:13:in `_app_views_cats_new_html_erb___3144893769635190013_70304919841740'
app/controllers/cats_controller.rb:31:in `new'
Started GET "/cats/new" for ::1 at 2021-06-18 16:51:38 -0700
Processing by CatsController#new as */*
  Rendering cats/new.html.erb within layouts/application
  Rendered cats/new.html.erb within layouts/application (0.7ms)
Completed 200 OK in 56ms (Views: 30.1ms | ActiveRecord: 18.5ms)


Started GET "/cats/new" for ::1 at 2021-06-18 16:53:05 -0700
Processing by CatsController#new as */*
  Rendering cats/new.html.erb within layouts/application
  Rendered cats/new.html.erb within layouts/application (3.6ms)
Completed 200 OK in 51ms (Views: 49.5ms | ActiveRecord: 0.0ms)


Started GET "/cats/new" for ::1 at 2021-06-18 16:54:51 -0700
Processing by CatsController#new as */*
  Rendering cats/new.html.erb within layouts/application
  Rendered cats/new.html.erb within layouts/application (1.1ms)
Completed 200 OK in 47ms (Views: 45.1ms | ActiveRecord: 0.0ms)


Started GET "/cats" for ::1 at 2021-06-18 16:57:36 -0700
Processing by CatsController#index as */*
  Rendering cats/index.html.erb within layouts/application
  [1m[36mCat Load (6.2ms)[0m  [1m[34mSELECT "cats".* FROM "cats"[0m
  ↳ app/views/cats/index.html.erb:4
  Rendered cats/_cat.html.erb (3.8ms)
  Rendered cats/_cat.html.erb (0.2ms)
  Rendered cats/_cat.html.erb (0.2ms)
  Rendered cats/_cat.html.erb (0.2ms)
  Rendered cats/index.html.erb within layouts/application (95.2ms)
Completed 200 OK in 146ms (Views: 138.8ms | ActiveRecord: 6.2ms)


